2025-06-03 12:49:25,708 [INFO]: ^^^^^^^^^^^^^^^ Offline anomaly detection for Latency dataset ^^^^^^^^^^^^^^^
2025-06-03 12:49:26,745 [INFO]: ============================================================
2025-06-03 12:49:26,745 [INFO]: Dataset: latency (metric latency_1), m: 5, p: 99
2025-06-03 12:49:35,385 [INFO]: The number of anomalous seqs: 7
2025-06-03 12:49:35,426 [INFO]: The number of anomalous seqs after ap clustering: 5
2025-06-03 12:49:35,426 [INFO]: The number of anomalous clusters: 4
2025-06-03 12:49:35,432 [INFO]: Metric patterns dumped.
2025-06-03 12:49:35,435 [INFO]: precision: 0.692, recall: 1.000, f1: 0.818
2025-06-03 12:49:35,549 [INFO]: Experiment result plotted!
2025-06-03 12:49:35,780 [INFO]: ============================================================
2025-06-03 12:49:35,780 [INFO]: Dataset: latency (metric latency_2), m: 5, p: 99
2025-06-03 12:49:35,794 [INFO]: The number of anomalous seqs: 6
2025-06-03 12:49:35,812 [INFO]: The number of anomalous seqs after ap clustering: 6
2025-06-03 12:49:35,812 [INFO]: The number of anomalous clusters: 6
2025-06-03 12:49:35,817 [INFO]: Metric patterns dumped.
2025-06-03 12:49:35,820 [INFO]: precision: 0.714, recall: 1.000, f1: 0.833
2025-06-03 12:49:35,831 [INFO]: Experiment result plotted!
2025-06-03 12:49:36,059 [INFO]: ============================================================
2025-06-03 12:49:36,059 [INFO]: Dataset: latency (metric latency_3), m: 5, p: 99
2025-06-03 12:49:36,075 [INFO]: The number of anomalous seqs: 6
2025-06-03 12:49:36,094 [INFO]: The number of anomalous seqs after ap clustering: 5
2025-06-03 12:49:36,094 [INFO]: The number of anomalous clusters: 4
2025-06-03 12:49:36,099 [INFO]: Metric patterns dumped.
2025-06-03 12:49:36,100 [INFO]: precision: 0.692, recall: 1.000, f1: 0.818
2025-06-03 12:49:36,106 [INFO]: Experiment result plotted!
2025-06-03 12:49:36,344 [INFO]: ============================================================
2025-06-03 12:49:36,344 [INFO]: Dataset: latency (metric latency_4), m: 5, p: 99
2025-06-03 12:49:36,355 [INFO]: The number of anomalous seqs: 6
2025-06-03 12:49:36,375 [INFO]: The number of anomalous seqs after ap clustering: 6
2025-06-03 12:49:36,375 [INFO]: The number of anomalous clusters: 2
2025-06-03 12:49:36,381 [INFO]: Metric patterns dumped.
2025-06-03 12:49:36,383 [INFO]: precision: 0.643, recall: 0.692, f1: 0.667
2025-06-03 12:49:36,390 [INFO]: Experiment result plotted!
2025-06-03 12:49:36,608 [INFO]: ============================================================
2025-06-03 12:49:36,616 [INFO]: Dataset: latency (metric latency_5), m: 5, p: 99
2025-06-03 12:49:36,622 [INFO]: The number of anomalous seqs: 6
2025-06-03 12:49:36,641 [INFO]: The number of anomalous seqs after ap clustering: 6
2025-06-03 12:49:36,641 [INFO]: The number of anomalous clusters: 6
2025-06-03 12:49:36,645 [INFO]: Metric patterns dumped.
2025-06-03 12:49:36,647 [INFO]: precision: 0.500, recall: 1.000, f1: 0.667
2025-06-03 12:49:36,653 [INFO]: Experiment result plotted!
2025-06-03 12:49:36,878 [INFO]: ============================================================
2025-06-03 12:49:36,878 [INFO]: Dataset: latency (metric latency_6), m: 5, p: 99
2025-06-03 12:49:36,888 [INFO]: The number of anomalous seqs: 6
2025-06-03 12:49:36,905 [INFO]: The number of anomalous seqs after ap clustering: 3
2025-06-03 12:49:36,905 [INFO]: The number of anomalous clusters: 3
2025-06-03 12:49:36,910 [INFO]: Metric patterns dumped.
2025-06-03 12:49:36,913 [INFO]: precision: 0.375, recall: 0.429, f1: 0.400
2025-06-03 12:49:36,913 [INFO]: Experiment result plotted!
2025-06-03 12:49:37,139 [INFO]: ============================================================
2025-06-03 12:49:37,139 [INFO]: Dataset: latency (metric latency_7), m: 5, p: 99
2025-06-03 12:49:37,147 [INFO]: The number of anomalous seqs: 6
2025-06-03 12:49:37,195 [INFO]: The number of anomalous seqs after ap clustering: 6
2025-06-03 12:49:37,195 [INFO]: The number of anomalous clusters: 6
2025-06-03 12:49:37,206 [INFO]: Metric patterns dumped.
2025-06-03 12:49:37,206 [INFO]: precision: 0.400, recall: 0.400, f1: 0.400
2025-06-03 12:49:37,216 [INFO]: Experiment result plotted!
2025-06-03 12:49:37,433 [INFO]: ============================================================
2025-06-03 12:49:37,433 [INFO]: Dataset: latency (metric latency_8), m: 5, p: 99
2025-06-03 12:49:37,442 [INFO]: The number of anomalous seqs: 6
2025-06-03 12:49:37,462 [INFO]: The number of anomalous seqs after ap clustering: 6
2025-06-03 12:49:37,462 [INFO]: The number of anomalous clusters: 5
2025-06-03 12:49:37,466 [INFO]: Metric patterns dumped.
2025-06-03 12:49:37,468 [INFO]: precision: 0.417, recall: 1.000, f1: 0.588
2025-06-03 12:49:37,474 [INFO]: Experiment result plotted!
2025-06-03 12:49:37,694 [INFO]: ============================================================
2025-06-03 12:49:37,694 [INFO]: Dataset: latency (metric latency_9), m: 5, p: 99
2025-06-03 12:49:37,706 [INFO]: The number of anomalous seqs: 6
2025-06-03 12:49:37,744 [INFO]: The number of anomalous seqs after ap clustering: 6
2025-06-03 12:49:37,744 [INFO]: The number of anomalous clusters: 6
2025-06-03 12:49:37,748 [INFO]: Metric patterns dumped.
2025-06-03 12:49:37,750 [INFO]: precision: 0.571, recall: 1.000, f1: 0.727
2025-06-03 12:49:37,761 [INFO]: Experiment result plotted!
2025-06-03 12:49:37,990 [INFO]: ============================================================
2025-06-03 12:49:37,990 [INFO]: Dataset: latency (metric latency_10), m: 5, p: 99
2025-06-03 12:49:37,997 [INFO]: The number of anomalous seqs: 6
2025-06-03 12:49:38,017 [INFO]: The number of anomalous seqs after ap clustering: 6
2025-06-03 12:49:38,017 [INFO]: The number of anomalous clusters: 6
2025-06-03 12:49:38,021 [INFO]: Metric patterns dumped.
2025-06-03 12:49:38,022 [INFO]: precision: 0.273, recall: 1.000, f1: 0.429
2025-06-03 12:49:38,022 [INFO]: Experiment result plotted!
2025-06-03 12:49:38,256 [INFO]: ============================================================
2025-06-03 12:49:38,256 [INFO]: Dataset: latency (metric latency_11), m: 5, p: 99
2025-06-03 12:49:38,259 [INFO]: The number of anomalous seqs: 6
2025-06-03 12:49:38,275 [INFO]: The number of anomalous seqs after ap clustering: 1
2025-06-03 12:49:38,275 [INFO]: The number of anomalous clusters: 1
2025-06-03 12:49:38,288 [INFO]: Metric patterns dumped.
2025-06-03 12:49:38,293 [INFO]: precision: 0.600, recall: 0.375, f1: 0.462
2025-06-03 12:49:38,295 [INFO]: Experiment result plotted!
2025-06-03 12:49:38,522 [INFO]: ============================================================
2025-06-03 12:49:38,522 [INFO]: Dataset: latency (metric latency_12), m: 5, p: 99
2025-06-03 12:49:38,522 [INFO]: The number of anomalous seqs: 6
2025-06-03 12:49:38,556 [INFO]: The number of anomalous seqs after ap clustering: 6
2025-06-03 12:49:38,556 [INFO]: The number of anomalous clusters: 6
2025-06-03 12:49:38,567 [INFO]: Metric patterns dumped.
2025-06-03 12:49:38,569 [INFO]: precision: 0.643, recall: 0.643, f1: 0.643
2025-06-03 12:49:38,574 [INFO]: Experiment result plotted!
2025-06-03 12:49:38,817 [INFO]: ============================================================
2025-06-03 12:49:38,817 [INFO]: Dataset: latency (metric latency_13), m: 5, p: 99
2025-06-03 12:49:38,824 [INFO]: The number of anomalous seqs: 7
2025-06-03 12:49:38,843 [INFO]: The number of anomalous seqs after ap clustering: 7
2025-06-03 12:49:38,843 [INFO]: The number of anomalous clusters: 7
2025-06-03 12:49:38,845 [INFO]: Metric patterns dumped.
2025-06-03 12:49:38,845 [INFO]: precision: 0.400, recall: 1.000, f1: 0.571
2025-06-03 12:49:38,858 [INFO]: Experiment result plotted!
2025-06-03 12:49:39,105 [INFO]: ============================================================
2025-06-03 12:49:39,109 [INFO]: Dataset: latency (metric latency_14), m: 5, p: 99
2025-06-03 12:49:39,118 [INFO]: The number of anomalous seqs: 6
2025-06-03 12:49:39,132 [INFO]: The number of anomalous seqs after ap clustering: 6
2025-06-03 12:49:39,134 [INFO]: The number of anomalous clusters: 6
2025-06-03 12:49:39,138 [INFO]: Metric patterns dumped.
2025-06-03 12:49:39,141 [INFO]: precision: 0.400, recall: 1.000, f1: 0.571
2025-06-03 12:49:39,147 [INFO]: Experiment result plotted!
2025-06-03 12:49:39,373 [INFO]: ============================================================
2025-06-03 12:49:39,373 [INFO]: Dataset: latency (metric latency_15), m: 5, p: 99
2025-06-03 12:49:39,389 [INFO]: The number of anomalous seqs: 6
2025-06-03 12:49:39,427 [INFO]: The number of anomalous seqs after ap clustering: 6
2025-06-03 12:49:39,428 [INFO]: The number of anomalous clusters: 6
2025-06-03 12:49:39,431 [INFO]: Metric patterns dumped.
2025-06-03 12:49:39,432 [INFO]: precision: 0.500, recall: 1.000, f1: 0.667
2025-06-03 12:49:39,441 [INFO]: Experiment result plotted!
2025-06-03 12:49:39,692 [INFO]: ============================================================
2025-06-03 12:49:39,695 [INFO]: Dataset: latency (metric latency_16), m: 5, p: 99
2025-06-03 12:49:39,704 [INFO]: The number of anomalous seqs: 6
2025-06-03 12:49:39,725 [INFO]: The number of anomalous seqs after ap clustering: 6
2025-06-03 12:49:39,725 [INFO]: The number of anomalous clusters: 2
2025-06-03 12:49:39,729 [INFO]: Metric patterns dumped.
2025-06-03 12:49:39,733 [INFO]: precision: 0.571, recall: 0.727, f1: 0.640
2025-06-03 12:49:39,741 [INFO]: Experiment result plotted!
2025-06-03 12:49:39,991 [INFO]: ============================================================
2025-06-03 12:49:39,991 [INFO]: Dataset: latency (metric latency_17), m: 5, p: 99
2025-06-03 12:49:40,007 [INFO]: The number of anomalous seqs: 7
2025-06-03 12:49:40,028 [INFO]: The number of anomalous seqs after ap clustering: 7
2025-06-03 12:49:40,028 [INFO]: The number of anomalous clusters: 7
2025-06-03 12:49:40,036 [INFO]: Metric patterns dumped.
2025-06-03 12:49:40,039 [INFO]: precision: 0.467, recall: 0.875, f1: 0.609
2025-06-03 12:49:40,046 [INFO]: Experiment result plotted!
2025-06-03 12:49:40,308 [INFO]: ============================================================
2025-06-03 12:49:40,308 [INFO]: Dataset: latency (metric latency_18), m: 5, p: 99
2025-06-03 12:49:40,322 [INFO]: The number of anomalous seqs: 7
2025-06-03 12:49:40,360 [INFO]: The number of anomalous seqs after ap clustering: 7
2025-06-03 12:49:40,360 [INFO]: The number of anomalous clusters: 7
2025-06-03 12:49:40,365 [INFO]: Metric patterns dumped.
2025-06-03 12:49:40,365 [INFO]: precision: 0.273, recall: 1.000, f1: 0.429
2025-06-03 12:49:40,377 [INFO]: Experiment result plotted!
2025-06-03 12:49:40,741 [INFO]: ============================================================
2025-06-03 12:49:40,741 [INFO]: Dataset: latency (metric latency_19), m: 5, p: 99
2025-06-03 12:49:40,748 [INFO]: The number of anomalous seqs: 6
2025-06-03 12:49:40,792 [INFO]: The number of anomalous seqs after ap clustering: 6
2025-06-03 12:49:40,792 [INFO]: The number of anomalous clusters: 6
2025-06-03 12:49:40,797 [INFO]: Metric patterns dumped.
2025-06-03 12:49:40,800 [INFO]: precision: 0.643, recall: 0.750, f1: 0.692
2025-06-03 12:49:40,814 [INFO]: Experiment result plotted!
2025-06-03 12:49:41,090 [INFO]: ============================================================
2025-06-03 12:49:41,091 [INFO]: Dataset: latency (metric latency_20), m: 5, p: 99
2025-06-03 12:49:41,100 [INFO]: The number of anomalous seqs: 6
2025-06-03 12:49:41,146 [INFO]: The number of anomalous seqs after ap clustering: 6
2025-06-03 12:49:41,146 [INFO]: The number of anomalous clusters: 4
2025-06-03 12:49:41,146 [INFO]: Metric patterns dumped.
2025-06-03 12:49:41,156 [INFO]: precision: 0.667, recall: 0.857, f1: 0.750
2025-06-03 12:49:41,162 [INFO]: Experiment result plotted!
2025-06-03 12:49:41,394 [INFO]: ============================================================
2025-06-03 12:49:41,394 [INFO]: Dataset: latency (metric latency_21), m: 5, p: 99
2025-06-03 12:49:41,413 [INFO]: The number of anomalous seqs: 7
2025-06-03 12:49:41,454 [INFO]: The number of anomalous seqs after ap clustering: 7
2025-06-03 12:49:41,455 [INFO]: The number of anomalous clusters: 7
2025-06-03 12:49:41,460 [INFO]: Metric patterns dumped.
2025-06-03 12:49:41,462 [INFO]: precision: 0.467, recall: 1.000, f1: 0.636
2025-06-03 12:49:41,472 [INFO]: Experiment result plotted!
2025-06-03 12:49:41,708 [INFO]: ============================================================
2025-06-03 12:49:41,708 [INFO]: Dataset: latency (metric latency_22), m: 5, p: 99
2025-06-03 12:49:41,725 [INFO]: The number of anomalous seqs: 7
2025-06-03 12:49:41,744 [INFO]: The number of anomalous seqs after ap clustering: 7
2025-06-03 12:49:41,746 [INFO]: The number of anomalous clusters: 7
2025-06-03 12:49:41,748 [INFO]: Metric patterns dumped.
2025-06-03 12:49:41,748 [INFO]: precision: 0.533, recall: 1.000, f1: 0.696
2025-06-03 12:49:41,758 [INFO]: Experiment result plotted!
2025-06-03 12:49:42,042 [INFO]: ============================================================
2025-06-03 12:49:42,042 [INFO]: Dataset: latency (metric latency_23), m: 5, p: 99
2025-06-03 12:49:42,056 [INFO]: The number of anomalous seqs: 6
2025-06-03 12:49:42,080 [INFO]: The number of anomalous seqs after ap clustering: 6
2025-06-03 12:49:42,082 [INFO]: The number of anomalous clusters: 6
2025-06-03 12:49:42,083 [INFO]: Metric patterns dumped.
2025-06-03 12:49:42,091 [INFO]: precision: 0.500, recall: 1.000, f1: 0.667
2025-06-03 12:49:42,101 [INFO]: Experiment result plotted!
2025-06-03 12:49:42,408 [INFO]: ============================================================
2025-06-03 12:49:42,408 [INFO]: Dataset: latency (metric latency_24), m: 5, p: 99
2025-06-03 12:49:42,423 [INFO]: The number of anomalous seqs: 7
2025-06-03 12:49:42,467 [INFO]: The number of anomalous seqs after ap clustering: 7
2025-06-03 12:49:42,467 [INFO]: The number of anomalous clusters: 7
2025-06-03 12:49:42,477 [INFO]: Metric patterns dumped.
2025-06-03 12:49:42,479 [INFO]: precision: 0.600, recall: 1.000, f1: 0.750
2025-06-03 12:49:42,489 [INFO]: Experiment result plotted!
2025-06-03 12:49:42,785 [INFO]: ============================================================
2025-06-03 12:49:42,787 [INFO]: Dataset: latency (metric latency_25), m: 5, p: 99
2025-06-03 12:49:42,790 [INFO]: The number of anomalous seqs: 7
2025-06-03 12:49:42,817 [INFO]: The number of anomalous seqs after ap clustering: 6
2025-06-03 12:49:42,817 [INFO]: The number of anomalous clusters: 6
2025-06-03 12:49:42,822 [INFO]: Metric patterns dumped.
2025-06-03 12:49:42,822 [INFO]: precision: 0.571, recall: 1.000, f1: 0.727
2025-06-03 12:49:42,827 [INFO]: Experiment result plotted!
2025-06-03 12:49:43,125 [INFO]: ============================================================
2025-06-03 12:49:43,125 [INFO]: Dataset: latency (metric latency_26), m: 5, p: 99
2025-06-03 12:49:43,142 [INFO]: The number of anomalous seqs: 7
2025-06-03 12:49:43,170 [INFO]: The number of anomalous seqs after ap clustering: 7
2025-06-03 12:49:43,170 [INFO]: The number of anomalous clusters: 7
2025-06-03 12:49:43,175 [INFO]: Metric patterns dumped.
2025-06-03 12:49:43,175 [INFO]: precision: 0.600, recall: 0.750, f1: 0.667
2025-06-03 12:49:43,185 [INFO]: Experiment result plotted!
2025-06-03 12:49:43,430 [INFO]: ============================================================
2025-06-03 12:49:43,430 [INFO]: Dataset: latency (metric latency_27), m: 5, p: 99
2025-06-03 12:49:43,439 [INFO]: The number of anomalous seqs: 6
2025-06-03 12:49:43,458 [INFO]: The number of anomalous seqs after ap clustering: 6
2025-06-03 12:49:43,471 [INFO]: The number of anomalous clusters: 6
2025-06-03 12:49:43,475 [INFO]: Metric patterns dumped.
2025-06-03 12:49:43,475 [INFO]: precision: 0.643, recall: 1.000, f1: 0.783
2025-06-03 12:49:43,475 [INFO]: Experiment result plotted!
2025-06-03 12:49:43,720 [INFO]: ============================================================
2025-06-03 12:49:43,722 [INFO]: Dataset: latency (metric latency_28), m: 5, p: 99
2025-06-03 12:49:43,725 [INFO]: The number of anomalous seqs: 6
2025-06-03 12:49:43,741 [INFO]: The number of anomalous seqs after ap clustering: 6
2025-06-03 12:49:43,741 [INFO]: The number of anomalous clusters: 2
2025-06-03 12:49:43,752 [INFO]: Metric patterns dumped.
2025-06-03 12:49:43,752 [INFO]: precision: 0.643, recall: 1.000, f1: 0.783
2025-06-03 12:49:43,763 [INFO]: Experiment result plotted!
2025-06-03 12:49:44,024 [INFO]: ============================================================
2025-06-03 12:49:44,024 [INFO]: Dataset: latency (metric latency_29), m: 5, p: 99
2025-06-03 12:49:44,033 [INFO]: The number of anomalous seqs: 6
2025-06-03 12:49:44,042 [INFO]: The number of anomalous seqs after ap clustering: 6
2025-06-03 12:49:44,055 [INFO]: The number of anomalous clusters: 6
2025-06-03 12:49:44,059 [INFO]: Metric patterns dumped.
2025-06-03 12:49:44,062 [INFO]: precision: 0.400, recall: 0.500, f1: 0.444
2025-06-03 12:49:44,066 [INFO]: Experiment result plotted!
2025-06-03 12:49:44,308 [INFO]: ============================================================
2025-06-03 12:49:44,308 [INFO]: Dataset: latency (metric latency_30), m: 5, p: 99
2025-06-03 12:49:44,329 [INFO]: The number of anomalous seqs: 7
2025-06-03 12:49:44,341 [INFO]: The number of anomalous seqs after ap clustering: 7
2025-06-03 12:49:44,341 [INFO]: The number of anomalous clusters: 7
2025-06-03 12:49:44,354 [INFO]: Metric patterns dumped.
2025-06-03 12:49:44,357 [INFO]: precision: 0.600, recall: 1.000, f1: 0.750
2025-06-03 12:49:44,358 [INFO]: Experiment result plotted!
2025-06-03 12:49:44,662 [INFO]: ============================================================
2025-06-03 12:49:44,662 [INFO]: Dataset: latency (metric latency_31), m: 5, p: 99
2025-06-03 12:49:44,672 [INFO]: The number of anomalous seqs: 7
2025-06-03 12:49:44,691 [INFO]: The number of anomalous seqs after ap clustering: 5
2025-06-03 12:49:44,695 [INFO]: The number of anomalous clusters: 5
2025-06-03 12:49:44,695 [INFO]: Metric patterns dumped.
2025-06-03 12:49:44,695 [INFO]: precision: 0.333, recall: 1.000, f1: 0.500
2025-06-03 12:49:44,708 [INFO]: Experiment result plotted!
2025-06-03 12:49:44,958 [INFO]: ============================================================
2025-06-03 12:49:44,958 [INFO]: Dataset: latency (metric latency_32), m: 5, p: 99
2025-06-03 12:49:44,966 [INFO]: The number of anomalous seqs: 6
2025-06-03 12:49:44,984 [INFO]: The number of anomalous seqs after ap clustering: 6
2025-06-03 12:49:44,984 [INFO]: The number of anomalous clusters: 6
2025-06-03 12:49:44,991 [INFO]: Metric patterns dumped.
2025-06-03 12:49:44,994 [INFO]: precision: 0.300, recall: 0.429, f1: 0.353
2025-06-03 12:49:44,999 [INFO]: Experiment result plotted!
2025-06-03 12:49:45,258 [INFO]: ============================================================
2025-06-03 12:49:45,258 [INFO]: Dataset: latency (metric latency_33), m: 5, p: 99
2025-06-03 12:49:45,265 [INFO]: The number of anomalous seqs: 7
2025-06-03 12:49:45,282 [INFO]: The number of anomalous seqs after ap clustering: 7
2025-06-03 12:49:45,282 [INFO]: The number of anomalous clusters: 7
2025-06-03 12:49:45,290 [INFO]: Metric patterns dumped.
2025-06-03 12:49:45,293 [INFO]: precision: 0.667, recall: 1.000, f1: 0.800
2025-06-03 12:49:45,299 [INFO]: Experiment result plotted!
2025-06-03 12:49:45,546 [INFO]: ============================================================
2025-06-03 12:49:45,546 [INFO]: Dataset: latency (metric latency_34), m: 5, p: 99
2025-06-03 12:49:45,555 [INFO]: The number of anomalous seqs: 6
2025-06-03 12:49:45,579 [INFO]: The number of anomalous seqs after ap clustering: 6
2025-06-03 12:49:45,579 [INFO]: The number of anomalous clusters: 6
2025-06-03 12:49:45,584 [INFO]: Metric patterns dumped.
2025-06-03 12:49:45,588 [INFO]: precision: 0.500, recall: 1.000, f1: 0.667
2025-06-03 12:49:45,593 [INFO]: Experiment result plotted!
2025-06-03 12:49:45,824 [INFO]: ============================================================
2025-06-03 12:49:45,824 [INFO]: Dataset: latency (metric latency_35), m: 5, p: 99
2025-06-03 12:49:45,832 [INFO]: The number of anomalous seqs: 6
2025-06-03 12:49:45,855 [INFO]: The number of anomalous seqs after ap clustering: 6
2025-06-03 12:49:45,856 [INFO]: The number of anomalous clusters: 6
2025-06-03 12:49:45,857 [INFO]: Metric patterns dumped.
2025-06-03 12:49:45,857 [INFO]: precision: 0.500, recall: 0.636, f1: 0.560
2025-06-03 12:49:45,867 [INFO]: Experiment result plotted!
2025-06-03 12:49:46,113 [INFO]: ============================================================
2025-06-03 12:49:46,113 [INFO]: Dataset: latency (metric latency_36), m: 5, p: 99
2025-06-03 12:49:46,123 [INFO]: The number of anomalous seqs: 7
2025-06-03 12:49:46,141 [INFO]: The number of anomalous seqs after ap clustering: 7
2025-06-03 12:49:46,141 [INFO]: The number of anomalous clusters: 2
2025-06-03 12:49:46,145 [INFO]: Metric patterns dumped.
2025-06-03 12:49:46,147 [INFO]: precision: 0.579, recall: 1.000, f1: 0.733
2025-06-03 12:49:46,156 [INFO]: Experiment result plotted!
2025-06-03 12:49:46,407 [INFO]: ============================================================
2025-06-03 12:49:46,415 [INFO]: Dataset: latency (metric latency_37), m: 5, p: 99
2025-06-03 12:49:46,424 [INFO]: The number of anomalous seqs: 7
2025-06-03 12:49:46,440 [INFO]: The number of anomalous seqs after ap clustering: 7
2025-06-03 12:49:46,440 [INFO]: The number of anomalous clusters: 5
2025-06-03 12:49:46,451 [INFO]: Metric patterns dumped.
2025-06-03 12:49:46,453 [INFO]: precision: 0.600, recall: 1.000, f1: 0.750
2025-06-03 12:49:46,465 [INFO]: Experiment result plotted!
2025-06-03 12:49:46,722 [INFO]: ============================================================
2025-06-03 12:49:46,722 [INFO]: Dataset: latency (metric latency_38), m: 5, p: 99
2025-06-03 12:49:46,729 [INFO]: The number of anomalous seqs: 7
2025-06-03 12:49:46,751 [INFO]: The number of anomalous seqs after ap clustering: 5
2025-06-03 12:49:46,751 [INFO]: The number of anomalous clusters: 5
2025-06-03 12:49:46,756 [INFO]: Metric patterns dumped.
2025-06-03 12:49:46,758 [INFO]: precision: 0.462, recall: 0.600, f1: 0.522
2025-06-03 12:49:46,763 [INFO]: Experiment result plotted!
2025-06-03 12:49:46,998 [INFO]: ============================================================
2025-06-03 12:49:46,998 [INFO]: Dataset: latency (metric latency_39), m: 5, p: 99
2025-06-03 12:49:47,011 [INFO]: The number of anomalous seqs: 6
2025-06-03 12:49:47,032 [INFO]: The number of anomalous seqs after ap clustering: 6
2025-06-03 12:49:47,033 [INFO]: The number of anomalous clusters: 6
2025-06-03 12:49:47,035 [INFO]: Metric patterns dumped.
2025-06-03 12:49:47,035 [INFO]: precision: 0.571, recall: 1.000, f1: 0.727
2025-06-03 12:49:47,041 [INFO]: Experiment result plotted!
2025-06-03 12:49:47,310 [INFO]: ============================================================
2025-06-03 12:49:47,310 [INFO]: Dataset: latency (metric latency_40), m: 5, p: 99
2025-06-03 12:49:47,322 [INFO]: The number of anomalous seqs: 7
2025-06-03 12:49:47,345 [INFO]: The number of anomalous seqs after ap clustering: 7
2025-06-03 12:49:47,345 [INFO]: The number of anomalous clusters: 7
2025-06-03 12:49:47,351 [INFO]: Metric patterns dumped.
2025-06-03 12:49:47,353 [INFO]: precision: 0.533, recall: 0.615, f1: 0.571
2025-06-03 12:49:47,360 [INFO]: Experiment result plotted!
2025-06-03 12:49:47,607 [INFO]: ============================================================
2025-06-03 12:49:47,608 [INFO]: Dataset: latency (metric latency_41), m: 5, p: 99
2025-06-03 12:49:47,613 [INFO]: The number of anomalous seqs: 6
2025-06-03 12:49:47,629 [INFO]: The number of anomalous seqs after ap clustering: 6
2025-06-03 12:49:47,629 [INFO]: The number of anomalous clusters: 6
2025-06-03 12:49:47,636 [INFO]: Metric patterns dumped.
2025-06-03 12:49:47,639 [INFO]: precision: 0.500, recall: 1.000, f1: 0.667
2025-06-03 12:49:47,646 [INFO]: Experiment result plotted!
2025-06-03 12:49:47,935 [INFO]: ============================================================
2025-06-03 12:49:47,936 [INFO]: Dataset: latency (metric latency_42), m: 5, p: 99
2025-06-03 12:49:47,943 [INFO]: The number of anomalous seqs: 7
2025-06-03 12:49:47,966 [INFO]: The number of anomalous seqs after ap clustering: 7
2025-06-03 12:49:47,966 [INFO]: The number of anomalous clusters: 5
2025-06-03 12:49:47,972 [INFO]: Metric patterns dumped.
2025-06-03 12:49:47,974 [INFO]: precision: 0.737, recall: 1.000, f1: 0.848
2025-06-03 12:49:47,983 [INFO]: Experiment result plotted!
2025-06-03 12:49:48,244 [INFO]: ============================================================
2025-06-03 12:49:48,245 [INFO]: Dataset: latency (metric latency_43), m: 5, p: 99
2025-06-03 12:49:48,254 [INFO]: The number of anomalous seqs: 6
2025-06-03 12:49:48,272 [INFO]: The number of anomalous seqs after ap clustering: 4
2025-06-03 12:49:48,272 [INFO]: The number of anomalous clusters: 4
2025-06-03 12:49:48,279 [INFO]: Metric patterns dumped.
2025-06-03 12:49:48,282 [INFO]: precision: 0.556, recall: 1.000, f1: 0.714
2025-06-03 12:49:48,285 [INFO]: Experiment result plotted!
2025-06-03 12:49:48,532 [INFO]: ============================================================
2025-06-03 12:49:48,538 [INFO]: Dataset: latency (metric latency_44), m: 5, p: 99
2025-06-03 12:49:48,545 [INFO]: The number of anomalous seqs: 5
2025-06-03 12:49:48,580 [INFO]: The number of anomalous seqs after ap clustering: 5
2025-06-03 12:49:48,580 [INFO]: The number of anomalous clusters: 5
2025-06-03 12:49:48,586 [INFO]: Metric patterns dumped.
2025-06-03 12:49:48,590 [INFO]: precision: 0.706, recall: 1.000, f1: 0.828
2025-06-03 12:49:48,597 [INFO]: Experiment result plotted!
2025-06-03 12:49:48,844 [INFO]: ============================================================
2025-06-03 12:49:48,844 [INFO]: Dataset: latency (metric latency_45), m: 5, p: 99
2025-06-03 12:49:48,855 [INFO]: The number of anomalous seqs: 6
2025-06-03 12:49:48,879 [INFO]: The number of anomalous seqs after ap clustering: 5
2025-06-03 12:49:48,880 [INFO]: The number of anomalous clusters: 5
2025-06-03 12:49:48,883 [INFO]: Metric patterns dumped.
2025-06-03 12:49:48,885 [INFO]: precision: 0.333, recall: 0.429, f1: 0.375
2025-06-03 12:49:48,889 [INFO]: Experiment result plotted!
2025-06-03 12:49:49,163 [INFO]: ============================================================
2025-06-03 12:49:49,163 [INFO]: Dataset: latency (metric latency_46), m: 5, p: 99
2025-06-03 12:49:49,172 [INFO]: The number of anomalous seqs: 6
2025-06-03 12:49:49,193 [INFO]: The number of anomalous seqs after ap clustering: 6
2025-06-03 12:49:49,194 [INFO]: The number of anomalous clusters: 6
2025-06-03 12:49:49,198 [INFO]: Metric patterns dumped.
2025-06-03 12:49:49,200 [INFO]: precision: 0.300, recall: 1.000, f1: 0.462
2025-06-03 12:49:49,208 [INFO]: Experiment result plotted!
2025-06-03 12:49:49,512 [INFO]: ============================================================
2025-06-03 12:49:49,512 [INFO]: Dataset: latency (metric latency_47), m: 5, p: 99
2025-06-03 12:49:49,522 [INFO]: The number of anomalous seqs: 7
2025-06-03 12:49:49,539 [INFO]: The number of anomalous seqs after ap clustering: 7
2025-06-03 12:49:49,546 [INFO]: The number of anomalous clusters: 5
2025-06-03 12:49:49,546 [INFO]: Metric patterns dumped.
2025-06-03 12:49:49,546 [INFO]: precision: 0.667, recall: 0.769, f1: 0.714
2025-06-03 12:49:49,556 [INFO]: Experiment result plotted!
2025-06-03 12:49:49,826 [INFO]: ============================================================
2025-06-03 12:49:49,826 [INFO]: Dataset: latency (metric latency_48), m: 5, p: 99
2025-06-03 12:49:49,838 [INFO]: The number of anomalous seqs: 7
2025-06-03 12:49:49,916 [INFO]: The number of anomalous seqs after ap clustering: 7
2025-06-03 12:49:49,916 [INFO]: The number of anomalous clusters: 7
2025-06-03 12:49:49,925 [INFO]: Metric patterns dumped.
2025-06-03 12:49:49,925 [INFO]: precision: 0.667, recall: 0.667, f1: 0.667
2025-06-03 12:49:49,940 [INFO]: Experiment result plotted!
2025-06-03 12:49:50,178 [INFO]: ============================================================
2025-06-03 12:49:50,178 [INFO]: Dataset: latency (metric latency_49), m: 5, p: 99
2025-06-03 12:49:50,189 [INFO]: The number of anomalous seqs: 6
2025-06-03 12:49:50,207 [INFO]: The number of anomalous seqs after ap clustering: 6
2025-06-03 12:49:50,209 [INFO]: The number of anomalous clusters: 6
2025-06-03 12:49:50,213 [INFO]: Metric patterns dumped.
2025-06-03 12:49:50,215 [INFO]: precision: 0.300, recall: 0.429, f1: 0.353
2025-06-03 12:49:50,222 [INFO]: Experiment result plotted!
2025-06-03 12:49:50,479 [INFO]: ============================================================
2025-06-03 12:49:50,483 [INFO]: Dataset: latency (metric latency_50), m: 5, p: 99
2025-06-03 12:49:50,489 [INFO]: The number of anomalous seqs: 7
2025-06-03 12:49:50,516 [INFO]: The number of anomalous seqs after ap clustering: 7
2025-06-03 12:49:50,516 [INFO]: The number of anomalous clusters: 7
2025-06-03 12:49:50,522 [INFO]: Metric patterns dumped.
2025-06-03 12:49:50,522 [INFO]: precision: 0.455, recall: 1.000, f1: 0.625
2025-06-03 12:49:50,535 [INFO]: Experiment result plotted!
2025-06-03 12:49:50,784 [INFO]: ^^^^^^^^^^^^^^^ Experimental results of Latency dataset ^^^^^^^^^^^^^^^
2025-06-03 12:49:50,784 [INFO]: precision: 0.525, recall: 0.851, f1: 0.634
2025-06-06 19:55:43,963 [INFO]: ^^^^^^^^^^^^^^^ Offline anomaly detection for Latency dataset ^^^^^^^^^^^^^^^
2025-06-06 19:55:45,071 [INFO]: ============================================================
2025-06-06 19:55:45,071 [INFO]: Dataset: latency (metric latency_1), m: 5, p: 99
2025-06-06 19:55:55,145 [INFO]: The number of anomalous seqs: 7
2025-06-06 19:55:55,239 [INFO]: The number of anomalous seqs after ap clustering: 5
2025-06-06 19:55:55,240 [INFO]: The number of anomalous clusters: 4
2025-06-06 19:55:55,247 [INFO]: Metric patterns dumped.
2025-06-06 19:55:55,254 [INFO]: precision: 0.692, recall: 1.000, f1: 0.818
2025-06-06 19:55:55,431 [INFO]: Experiment result plotted!
2025-06-06 19:55:55,692 [INFO]: ============================================================
2025-06-06 19:55:55,692 [INFO]: Dataset: latency (metric latency_2), m: 5, p: 99
2025-06-06 19:55:55,703 [INFO]: The number of anomalous seqs: 6
2025-06-06 19:55:55,731 [INFO]: The number of anomalous seqs after ap clustering: 6
2025-06-06 19:55:55,733 [INFO]: The number of anomalous clusters: 6
2025-06-06 19:55:55,737 [INFO]: Metric patterns dumped.
2025-06-06 19:55:55,741 [INFO]: precision: 0.714, recall: 1.000, f1: 0.833
2025-06-06 19:55:55,749 [INFO]: Experiment result plotted!
2025-06-06 19:55:56,082 [INFO]: ============================================================
2025-06-06 19:55:56,082 [INFO]: Dataset: latency (metric latency_3), m: 5, p: 99
2025-06-06 19:55:56,093 [INFO]: The number of anomalous seqs: 6
2025-06-06 19:55:56,120 [INFO]: The number of anomalous seqs after ap clustering: 5
2025-06-06 19:55:56,120 [INFO]: The number of anomalous clusters: 4
2025-06-06 19:55:56,128 [INFO]: Metric patterns dumped.
2025-06-06 19:55:56,138 [INFO]: precision: 0.692, recall: 1.000, f1: 0.818
2025-06-06 19:55:56,146 [INFO]: Experiment result plotted!
2025-06-06 19:55:56,461 [INFO]: ============================================================
2025-06-06 19:55:56,472 [INFO]: Dataset: latency (metric latency_4), m: 5, p: 99
2025-06-06 19:55:56,481 [INFO]: The number of anomalous seqs: 6
2025-06-06 19:55:56,501 [INFO]: The number of anomalous seqs after ap clustering: 6
2025-06-06 19:55:56,501 [INFO]: The number of anomalous clusters: 2
2025-06-06 19:55:56,507 [INFO]: Metric patterns dumped.
2025-06-06 19:55:56,509 [INFO]: precision: 0.643, recall: 0.692, f1: 0.667
2025-06-06 19:55:56,514 [INFO]: Experiment result plotted!
2025-06-06 19:55:56,913 [INFO]: ============================================================
2025-06-06 19:55:56,913 [INFO]: Dataset: latency (metric latency_5), m: 5, p: 99
2025-06-06 19:55:56,924 [INFO]: The number of anomalous seqs: 6
2025-06-06 19:55:56,931 [INFO]: The number of anomalous seqs after ap clustering: 6
2025-06-06 19:55:56,931 [INFO]: The number of anomalous clusters: 6
2025-06-06 19:55:56,941 [INFO]: Metric patterns dumped.
2025-06-06 19:55:56,941 [INFO]: precision: 0.500, recall: 1.000, f1: 0.667
2025-06-06 19:55:56,951 [INFO]: Experiment result plotted!
2025-06-06 19:55:57,266 [INFO]: ============================================================
2025-06-06 19:55:57,266 [INFO]: Dataset: latency (metric latency_6), m: 5, p: 99
2025-06-06 19:55:57,277 [INFO]: The number of anomalous seqs: 6
2025-06-06 19:55:57,302 [INFO]: The number of anomalous seqs after ap clustering: 3
2025-06-06 19:55:57,302 [INFO]: The number of anomalous clusters: 3
2025-06-06 19:55:57,308 [INFO]: Metric patterns dumped.
2025-06-06 19:55:57,311 [INFO]: precision: 0.375, recall: 0.429, f1: 0.400
2025-06-06 19:55:57,318 [INFO]: Experiment result plotted!
2025-06-06 19:55:57,695 [INFO]: ============================================================
2025-06-06 19:55:57,696 [INFO]: Dataset: latency (metric latency_7), m: 5, p: 99
2025-06-06 19:55:57,706 [INFO]: The number of anomalous seqs: 6
2025-06-06 19:55:57,783 [INFO]: The number of anomalous seqs after ap clustering: 6
2025-06-06 19:55:57,785 [INFO]: The number of anomalous clusters: 6
2025-06-06 19:55:57,791 [INFO]: Metric patterns dumped.
2025-06-06 19:55:57,791 [INFO]: precision: 0.400, recall: 0.400, f1: 0.400
2025-06-06 19:55:57,811 [INFO]: Experiment result plotted!
2025-06-06 19:55:58,153 [INFO]: ============================================================
2025-06-06 19:55:58,153 [INFO]: Dataset: latency (metric latency_8), m: 5, p: 99
2025-06-06 19:55:58,165 [INFO]: The number of anomalous seqs: 6
2025-06-06 19:55:58,185 [INFO]: The number of anomalous seqs after ap clustering: 6
2025-06-06 19:55:58,185 [INFO]: The number of anomalous clusters: 5
2025-06-06 19:55:58,194 [INFO]: Metric patterns dumped.
2025-06-06 19:55:58,194 [INFO]: precision: 0.417, recall: 1.000, f1: 0.588
2025-06-06 19:55:58,206 [INFO]: Experiment result plotted!
2025-06-06 19:55:58,541 [INFO]: ============================================================
2025-06-06 19:55:58,541 [INFO]: Dataset: latency (metric latency_9), m: 5, p: 99
2025-06-06 19:55:58,551 [INFO]: The number of anomalous seqs: 6
2025-06-06 19:55:58,610 [INFO]: The number of anomalous seqs after ap clustering: 6
2025-06-06 19:55:58,610 [INFO]: The number of anomalous clusters: 6
2025-06-06 19:55:58,612 [INFO]: Metric patterns dumped.
2025-06-06 19:55:58,612 [INFO]: precision: 0.571, recall: 1.000, f1: 0.727
2025-06-06 19:55:58,632 [INFO]: Experiment result plotted!
2025-06-06 19:55:59,006 [INFO]: ============================================================
2025-06-06 19:55:59,006 [INFO]: Dataset: latency (metric latency_10), m: 5, p: 99
2025-06-06 19:55:59,027 [INFO]: The number of anomalous seqs: 6
2025-06-06 19:55:59,067 [INFO]: The number of anomalous seqs after ap clustering: 6
2025-06-06 19:55:59,067 [INFO]: The number of anomalous clusters: 6
2025-06-06 19:55:59,078 [INFO]: Metric patterns dumped.
2025-06-06 19:55:59,082 [INFO]: precision: 0.273, recall: 1.000, f1: 0.429
2025-06-06 19:55:59,102 [INFO]: Experiment result plotted!
2025-06-06 19:55:59,381 [INFO]: ============================================================
2025-06-06 19:55:59,381 [INFO]: Dataset: latency (metric latency_11), m: 5, p: 99
2025-06-06 19:55:59,398 [INFO]: The number of anomalous seqs: 6
2025-06-06 19:55:59,421 [INFO]: The number of anomalous seqs after ap clustering: 1
2025-06-06 19:55:59,428 [INFO]: The number of anomalous clusters: 1
2025-06-06 19:55:59,432 [INFO]: Metric patterns dumped.
2025-06-06 19:55:59,435 [INFO]: precision: 0.600, recall: 0.375, f1: 0.462
2025-06-06 19:55:59,442 [INFO]: Experiment result plotted!
2025-06-06 19:55:59,782 [INFO]: ============================================================
2025-06-06 19:55:59,791 [INFO]: Dataset: latency (metric latency_12), m: 5, p: 99
2025-06-06 19:55:59,798 [INFO]: The number of anomalous seqs: 6
2025-06-06 19:55:59,831 [INFO]: The number of anomalous seqs after ap clustering: 6
2025-06-06 19:55:59,839 [INFO]: The number of anomalous clusters: 6
2025-06-06 19:55:59,842 [INFO]: Metric patterns dumped.
2025-06-06 19:55:59,845 [INFO]: precision: 0.643, recall: 0.643, f1: 0.643
2025-06-06 19:55:59,857 [INFO]: Experiment result plotted!
2025-06-06 19:56:00,228 [INFO]: ============================================================
2025-06-06 19:56:00,231 [INFO]: Dataset: latency (metric latency_13), m: 5, p: 99
2025-06-06 19:56:00,242 [INFO]: The number of anomalous seqs: 7
2025-06-06 19:56:00,268 [INFO]: The number of anomalous seqs after ap clustering: 7
2025-06-06 19:56:00,268 [INFO]: The number of anomalous clusters: 7
2025-06-06 19:56:00,274 [INFO]: Metric patterns dumped.
2025-06-06 19:56:00,276 [INFO]: precision: 0.400, recall: 1.000, f1: 0.571
2025-06-06 19:56:00,285 [INFO]: Experiment result plotted!
2025-06-06 19:56:00,617 [INFO]: ============================================================
2025-06-06 19:56:00,617 [INFO]: Dataset: latency (metric latency_14), m: 5, p: 99
2025-06-06 19:56:00,628 [INFO]: The number of anomalous seqs: 6
2025-06-06 19:56:00,641 [INFO]: The number of anomalous seqs after ap clustering: 6
2025-06-06 19:56:00,641 [INFO]: The number of anomalous clusters: 6
2025-06-06 19:56:00,652 [INFO]: Metric patterns dumped.
2025-06-06 19:56:00,652 [INFO]: precision: 0.400, recall: 1.000, f1: 0.571
2025-06-06 19:56:00,661 [INFO]: Experiment result plotted!
2025-06-06 19:56:00,976 [INFO]: ============================================================
2025-06-06 19:56:00,976 [INFO]: Dataset: latency (metric latency_15), m: 5, p: 99
2025-06-06 19:56:00,986 [INFO]: The number of anomalous seqs: 6
2025-06-06 19:56:01,033 [INFO]: The number of anomalous seqs after ap clustering: 6
2025-06-06 19:56:01,033 [INFO]: The number of anomalous clusters: 6
2025-06-06 19:56:01,046 [INFO]: Metric patterns dumped.
2025-06-06 19:56:01,049 [INFO]: precision: 0.500, recall: 1.000, f1: 0.667
2025-06-06 19:56:01,062 [INFO]: Experiment result plotted!
2025-06-06 19:56:01,445 [INFO]: ============================================================
2025-06-06 19:56:01,451 [INFO]: Dataset: latency (metric latency_16), m: 5, p: 99
2025-06-06 19:56:01,462 [INFO]: The number of anomalous seqs: 6
2025-06-06 19:56:01,492 [INFO]: The number of anomalous seqs after ap clustering: 6
2025-06-06 19:56:01,492 [INFO]: The number of anomalous clusters: 2
2025-06-06 19:56:01,502 [INFO]: Metric patterns dumped.
2025-06-06 19:56:01,508 [INFO]: precision: 0.571, recall: 0.727, f1: 0.640
2025-06-06 19:56:01,522 [INFO]: Experiment result plotted!
2025-06-06 19:56:01,882 [INFO]: ============================================================
2025-06-06 19:56:01,882 [INFO]: Dataset: latency (metric latency_17), m: 5, p: 99
2025-06-06 19:56:01,895 [INFO]: The number of anomalous seqs: 7
2025-06-06 19:56:01,921 [INFO]: The number of anomalous seqs after ap clustering: 7
2025-06-06 19:56:01,921 [INFO]: The number of anomalous clusters: 7
2025-06-06 19:56:01,927 [INFO]: Metric patterns dumped.
2025-06-06 19:56:01,927 [INFO]: precision: 0.467, recall: 0.875, f1: 0.609
2025-06-06 19:56:01,932 [INFO]: Experiment result plotted!
2025-06-06 19:56:02,231 [INFO]: ============================================================
2025-06-06 19:56:02,231 [INFO]: Dataset: latency (metric latency_18), m: 5, p: 99
2025-06-06 19:56:02,244 [INFO]: The number of anomalous seqs: 7
2025-06-06 19:56:02,280 [INFO]: The number of anomalous seqs after ap clustering: 7
2025-06-06 19:56:02,281 [INFO]: The number of anomalous clusters: 7
2025-06-06 19:56:02,285 [INFO]: Metric patterns dumped.
2025-06-06 19:56:02,285 [INFO]: precision: 0.273, recall: 1.000, f1: 0.429
2025-06-06 19:56:02,297 [INFO]: Experiment result plotted!
2025-06-06 19:56:02,774 [INFO]: ============================================================
2025-06-06 19:56:02,774 [INFO]: Dataset: latency (metric latency_19), m: 5, p: 99
2025-06-06 19:56:02,785 [INFO]: The number of anomalous seqs: 6
2025-06-06 19:56:02,842 [INFO]: The number of anomalous seqs after ap clustering: 6
2025-06-06 19:56:02,848 [INFO]: The number of anomalous clusters: 6
2025-06-06 19:56:02,855 [INFO]: Metric patterns dumped.
2025-06-06 19:56:02,862 [INFO]: precision: 0.643, recall: 0.750, f1: 0.692
2025-06-06 19:56:02,877 [INFO]: Experiment result plotted!
2025-06-06 19:56:03,252 [INFO]: ============================================================
2025-06-06 19:56:03,252 [INFO]: Dataset: latency (metric latency_20), m: 5, p: 99
2025-06-06 19:56:03,262 [INFO]: The number of anomalous seqs: 6
2025-06-06 19:56:03,317 [INFO]: The number of anomalous seqs after ap clustering: 6
2025-06-06 19:56:03,317 [INFO]: The number of anomalous clusters: 4
2025-06-06 19:56:03,326 [INFO]: Metric patterns dumped.
2025-06-06 19:56:03,330 [INFO]: precision: 0.667, recall: 0.857, f1: 0.750
2025-06-06 19:56:03,341 [INFO]: Experiment result plotted!
2025-06-06 19:56:03,692 [INFO]: ============================================================
2025-06-06 19:56:03,692 [INFO]: Dataset: latency (metric latency_21), m: 5, p: 99
2025-06-06 19:56:03,702 [INFO]: The number of anomalous seqs: 7
2025-06-06 19:56:03,734 [INFO]: The number of anomalous seqs after ap clustering: 7
2025-06-06 19:56:03,734 [INFO]: The number of anomalous clusters: 7
2025-06-06 19:56:03,742 [INFO]: Metric patterns dumped.
2025-06-06 19:56:03,744 [INFO]: precision: 0.467, recall: 1.000, f1: 0.636
2025-06-06 19:56:03,752 [INFO]: Experiment result plotted!
2025-06-06 19:56:04,100 [INFO]: ============================================================
2025-06-06 19:56:04,102 [INFO]: Dataset: latency (metric latency_22), m: 5, p: 99
2025-06-06 19:56:04,112 [INFO]: The number of anomalous seqs: 7
2025-06-06 19:56:04,160 [INFO]: The number of anomalous seqs after ap clustering: 7
2025-06-06 19:56:04,160 [INFO]: The number of anomalous clusters: 7
2025-06-06 19:56:04,176 [INFO]: Metric patterns dumped.
2025-06-06 19:56:04,186 [INFO]: precision: 0.533, recall: 1.000, f1: 0.696
2025-06-06 19:56:04,204 [INFO]: Experiment result plotted!
2025-06-06 19:56:04,532 [INFO]: ============================================================
2025-06-06 19:56:04,532 [INFO]: Dataset: latency (metric latency_23), m: 5, p: 99
2025-06-06 19:56:04,547 [INFO]: The number of anomalous seqs: 6
2025-06-06 19:56:04,562 [INFO]: The number of anomalous seqs after ap clustering: 6
2025-06-06 19:56:04,562 [INFO]: The number of anomalous clusters: 6
2025-06-06 19:56:04,566 [INFO]: Metric patterns dumped.
2025-06-06 19:56:04,568 [INFO]: precision: 0.500, recall: 1.000, f1: 0.667
2025-06-06 19:56:04,576 [INFO]: Experiment result plotted!
2025-06-06 19:56:04,992 [INFO]: ============================================================
2025-06-06 19:56:04,992 [INFO]: Dataset: latency (metric latency_24), m: 5, p: 99
2025-06-06 19:56:05,015 [INFO]: The number of anomalous seqs: 7
2025-06-06 19:56:05,151 [INFO]: The number of anomalous seqs after ap clustering: 7
2025-06-06 19:56:05,156 [INFO]: The number of anomalous clusters: 7
2025-06-06 19:56:05,174 [INFO]: Metric patterns dumped.
2025-06-06 19:56:05,184 [INFO]: precision: 0.600, recall: 1.000, f1: 0.750
2025-06-06 19:56:05,208 [INFO]: Experiment result plotted!
2025-06-06 19:56:05,536 [INFO]: ============================================================
2025-06-06 19:56:05,537 [INFO]: Dataset: latency (metric latency_25), m: 5, p: 99
2025-06-06 19:56:05,545 [INFO]: The number of anomalous seqs: 7
2025-06-06 19:56:05,586 [INFO]: The number of anomalous seqs after ap clustering: 6
2025-06-06 19:56:05,586 [INFO]: The number of anomalous clusters: 6
2025-06-06 19:56:05,598 [INFO]: Metric patterns dumped.
2025-06-06 19:56:05,602 [INFO]: precision: 0.571, recall: 1.000, f1: 0.727
2025-06-06 19:56:05,616 [INFO]: Experiment result plotted!
2025-06-06 19:56:06,033 [INFO]: ============================================================
2025-06-06 19:56:06,033 [INFO]: Dataset: latency (metric latency_26), m: 5, p: 99
2025-06-06 19:56:06,059 [INFO]: The number of anomalous seqs: 7
2025-06-06 19:56:06,102 [INFO]: The number of anomalous seqs after ap clustering: 7
2025-06-06 19:56:06,104 [INFO]: The number of anomalous clusters: 7
2025-06-06 19:56:06,114 [INFO]: Metric patterns dumped.
2025-06-06 19:56:06,118 [INFO]: precision: 0.600, recall: 0.750, f1: 0.667
2025-06-06 19:56:06,142 [INFO]: Experiment result plotted!
2025-06-06 19:56:06,523 [INFO]: ============================================================
2025-06-06 19:56:06,527 [INFO]: Dataset: latency (metric latency_27), m: 5, p: 99
2025-06-06 19:56:06,534 [INFO]: The number of anomalous seqs: 6
2025-06-06 19:56:06,552 [INFO]: The number of anomalous seqs after ap clustering: 6
2025-06-06 19:56:06,552 [INFO]: The number of anomalous clusters: 6
2025-06-06 19:56:06,553 [INFO]: Metric patterns dumped.
2025-06-06 19:56:06,560 [INFO]: precision: 0.643, recall: 1.000, f1: 0.783
2025-06-06 19:56:06,566 [INFO]: Experiment result plotted!
2025-06-06 19:56:06,942 [INFO]: ============================================================
2025-06-06 19:56:06,942 [INFO]: Dataset: latency (metric latency_28), m: 5, p: 99
2025-06-06 19:56:06,952 [INFO]: The number of anomalous seqs: 6
2025-06-06 19:56:06,974 [INFO]: The number of anomalous seqs after ap clustering: 6
2025-06-06 19:56:06,974 [INFO]: The number of anomalous clusters: 2
2025-06-06 19:56:06,976 [INFO]: Metric patterns dumped.
2025-06-06 19:56:06,976 [INFO]: precision: 0.643, recall: 1.000, f1: 0.783
2025-06-06 19:56:06,987 [INFO]: Experiment result plotted!
2025-06-06 19:56:07,335 [INFO]: ============================================================
2025-06-06 19:56:07,335 [INFO]: Dataset: latency (metric latency_29), m: 5, p: 99
2025-06-06 19:56:07,349 [INFO]: The number of anomalous seqs: 6
2025-06-06 19:56:07,367 [INFO]: The number of anomalous seqs after ap clustering: 6
2025-06-06 19:56:07,367 [INFO]: The number of anomalous clusters: 6
2025-06-06 19:56:07,372 [INFO]: Metric patterns dumped.
2025-06-06 19:56:07,372 [INFO]: precision: 0.400, recall: 0.500, f1: 0.444
2025-06-06 19:56:07,389 [INFO]: Experiment result plotted!
2025-06-06 19:56:07,916 [INFO]: ============================================================
2025-06-06 19:56:07,922 [INFO]: Dataset: latency (metric latency_30), m: 5, p: 99
2025-06-06 19:56:07,946 [INFO]: The number of anomalous seqs: 7
2025-06-06 19:56:08,024 [INFO]: The number of anomalous seqs after ap clustering: 7
2025-06-06 19:56:08,024 [INFO]: The number of anomalous clusters: 7
2025-06-06 19:56:08,042 [INFO]: Metric patterns dumped.
2025-06-06 19:56:08,052 [INFO]: precision: 0.600, recall: 1.000, f1: 0.750
2025-06-06 19:56:08,088 [INFO]: Experiment result plotted!
2025-06-06 19:56:08,472 [INFO]: ============================================================
2025-06-06 19:56:08,472 [INFO]: Dataset: latency (metric latency_31), m: 5, p: 99
2025-06-06 19:56:08,488 [INFO]: The number of anomalous seqs: 7
2025-06-06 19:56:08,509 [INFO]: The number of anomalous seqs after ap clustering: 5
2025-06-06 19:56:08,509 [INFO]: The number of anomalous clusters: 5
2025-06-06 19:56:08,513 [INFO]: Metric patterns dumped.
2025-06-06 19:56:08,516 [INFO]: precision: 0.333, recall: 1.000, f1: 0.500
2025-06-06 19:56:08,522 [INFO]: Experiment result plotted!
2025-06-06 19:56:08,909 [INFO]: ============================================================
2025-06-06 19:56:08,909 [INFO]: Dataset: latency (metric latency_32), m: 5, p: 99
2025-06-06 19:56:08,914 [INFO]: The number of anomalous seqs: 6
2025-06-06 19:56:08,939 [INFO]: The number of anomalous seqs after ap clustering: 6
2025-06-06 19:56:08,939 [INFO]: The number of anomalous clusters: 6
2025-06-06 19:56:08,942 [INFO]: Metric patterns dumped.
2025-06-06 19:56:08,942 [INFO]: precision: 0.300, recall: 0.429, f1: 0.353
2025-06-06 19:56:08,954 [INFO]: Experiment result plotted!
2025-06-06 19:56:09,262 [INFO]: ============================================================
2025-06-06 19:56:09,262 [INFO]: Dataset: latency (metric latency_33), m: 5, p: 99
2025-06-06 19:56:09,272 [INFO]: The number of anomalous seqs: 7
2025-06-06 19:56:09,282 [INFO]: The number of anomalous seqs after ap clustering: 7
2025-06-06 19:56:09,282 [INFO]: The number of anomalous clusters: 7
2025-06-06 19:56:09,294 [INFO]: Metric patterns dumped.
2025-06-06 19:56:09,294 [INFO]: precision: 0.667, recall: 1.000, f1: 0.800
2025-06-06 19:56:09,302 [INFO]: Experiment result plotted!
2025-06-06 19:56:09,722 [INFO]: ============================================================
2025-06-06 19:56:09,722 [INFO]: Dataset: latency (metric latency_34), m: 5, p: 99
2025-06-06 19:56:09,742 [INFO]: The number of anomalous seqs: 6
2025-06-06 19:56:09,799 [INFO]: The number of anomalous seqs after ap clustering: 6
2025-06-06 19:56:09,802 [INFO]: The number of anomalous clusters: 6
2025-06-06 19:56:09,814 [INFO]: Metric patterns dumped.
2025-06-06 19:56:09,822 [INFO]: precision: 0.500, recall: 1.000, f1: 0.667
2025-06-06 19:56:09,852 [INFO]: Experiment result plotted!
2025-06-06 19:56:10,257 [INFO]: ============================================================
2025-06-06 19:56:10,257 [INFO]: Dataset: latency (metric latency_35), m: 5, p: 99
2025-06-06 19:56:10,262 [INFO]: The number of anomalous seqs: 6
2025-06-06 19:56:10,292 [INFO]: The number of anomalous seqs after ap clustering: 6
2025-06-06 19:56:10,292 [INFO]: The number of anomalous clusters: 6
2025-06-06 19:56:10,297 [INFO]: Metric patterns dumped.
2025-06-06 19:56:10,299 [INFO]: precision: 0.500, recall: 0.636, f1: 0.560
2025-06-06 19:56:10,310 [INFO]: Experiment result plotted!
2025-06-06 19:56:10,868 [INFO]: ============================================================
2025-06-06 19:56:10,868 [INFO]: Dataset: latency (metric latency_36), m: 5, p: 99
2025-06-06 19:56:10,892 [INFO]: The number of anomalous seqs: 7
2025-06-06 19:56:10,944 [INFO]: The number of anomalous seqs after ap clustering: 7
2025-06-06 19:56:10,944 [INFO]: The number of anomalous clusters: 2
2025-06-06 19:56:10,954 [INFO]: Metric patterns dumped.
2025-06-06 19:56:10,960 [INFO]: precision: 0.579, recall: 1.000, f1: 0.733
2025-06-06 19:56:10,986 [INFO]: Experiment result plotted!
2025-06-06 19:56:11,804 [INFO]: ============================================================
2025-06-06 19:56:11,805 [INFO]: Dataset: latency (metric latency_37), m: 5, p: 99
2025-06-06 19:56:11,844 [INFO]: The number of anomalous seqs: 7
2025-06-06 19:56:11,932 [INFO]: The number of anomalous seqs after ap clustering: 7
2025-06-06 19:56:11,934 [INFO]: The number of anomalous clusters: 5
2025-06-06 19:56:11,950 [INFO]: Metric patterns dumped.
2025-06-06 19:56:11,964 [INFO]: precision: 0.600, recall: 1.000, f1: 0.750
2025-06-06 19:56:12,015 [INFO]: Experiment result plotted!
2025-06-06 19:56:12,597 [INFO]: ============================================================
2025-06-06 19:56:12,599 [INFO]: Dataset: latency (metric latency_38), m: 5, p: 99
2025-06-06 19:56:12,652 [INFO]: The number of anomalous seqs: 7
2025-06-06 19:56:12,792 [INFO]: The number of anomalous seqs after ap clustering: 5
2025-06-06 19:56:12,795 [INFO]: The number of anomalous clusters: 5
2025-06-06 19:56:12,814 [INFO]: Metric patterns dumped.
2025-06-06 19:56:12,826 [INFO]: precision: 0.462, recall: 0.600, f1: 0.522
2025-06-06 19:56:12,878 [INFO]: Experiment result plotted!
2025-06-06 19:56:13,647 [INFO]: ============================================================
2025-06-06 19:56:13,649 [INFO]: Dataset: latency (metric latency_39), m: 5, p: 99
2025-06-06 19:56:13,668 [INFO]: The number of anomalous seqs: 6
2025-06-06 19:56:13,704 [INFO]: The number of anomalous seqs after ap clustering: 6
2025-06-06 19:56:13,706 [INFO]: The number of anomalous clusters: 6
2025-06-06 19:56:13,712 [INFO]: Metric patterns dumped.
2025-06-06 19:56:13,721 [INFO]: precision: 0.571, recall: 1.000, f1: 0.727
2025-06-06 19:56:13,736 [INFO]: Experiment result plotted!
2025-06-06 19:56:14,192 [INFO]: ============================================================
2025-06-06 19:56:14,192 [INFO]: Dataset: latency (metric latency_40), m: 5, p: 99
2025-06-06 19:56:14,202 [INFO]: The number of anomalous seqs: 7
2025-06-06 19:56:14,232 [INFO]: The number of anomalous seqs after ap clustering: 7
2025-06-06 19:56:14,232 [INFO]: The number of anomalous clusters: 7
2025-06-06 19:56:14,238 [INFO]: Metric patterns dumped.
2025-06-06 19:56:14,243 [INFO]: precision: 0.533, recall: 0.615, f1: 0.571
2025-06-06 19:56:14,254 [INFO]: Experiment result plotted!
2025-06-06 19:56:14,610 [INFO]: ============================================================
2025-06-06 19:56:14,612 [INFO]: Dataset: latency (metric latency_41), m: 5, p: 99
2025-06-06 19:56:14,622 [INFO]: The number of anomalous seqs: 6
2025-06-06 19:56:14,647 [INFO]: The number of anomalous seqs after ap clustering: 6
2025-06-06 19:56:14,651 [INFO]: The number of anomalous clusters: 6
2025-06-06 19:56:14,655 [INFO]: Metric patterns dumped.
2025-06-06 19:56:14,659 [INFO]: precision: 0.500, recall: 1.000, f1: 0.667
2025-06-06 19:56:14,672 [INFO]: Experiment result plotted!
2025-06-06 19:56:14,982 [INFO]: ============================================================
2025-06-06 19:56:14,982 [INFO]: Dataset: latency (metric latency_42), m: 5, p: 99
2025-06-06 19:56:14,992 [INFO]: The number of anomalous seqs: 7
2025-06-06 19:56:15,018 [INFO]: The number of anomalous seqs after ap clustering: 7
2025-06-06 19:56:15,018 [INFO]: The number of anomalous clusters: 5
2025-06-06 19:56:15,024 [INFO]: Metric patterns dumped.
2025-06-06 19:56:15,027 [INFO]: precision: 0.737, recall: 1.000, f1: 0.848
2025-06-06 19:56:15,038 [INFO]: Experiment result plotted!
2025-06-06 19:56:15,372 [INFO]: ============================================================
2025-06-06 19:56:15,372 [INFO]: Dataset: latency (metric latency_43), m: 5, p: 99
2025-06-06 19:56:15,384 [INFO]: The number of anomalous seqs: 6
2025-06-06 19:56:15,424 [INFO]: The number of anomalous seqs after ap clustering: 4
2025-06-06 19:56:15,426 [INFO]: The number of anomalous clusters: 4
2025-06-06 19:56:15,436 [INFO]: Metric patterns dumped.
2025-06-06 19:56:15,442 [INFO]: precision: 0.556, recall: 1.000, f1: 0.714
2025-06-06 19:56:15,456 [INFO]: Experiment result plotted!
2025-06-06 19:56:15,872 [INFO]: ============================================================
2025-06-06 19:56:15,872 [INFO]: Dataset: latency (metric latency_44), m: 5, p: 99
2025-06-06 19:56:15,882 [INFO]: The number of anomalous seqs: 5
2025-06-06 19:56:15,924 [INFO]: The number of anomalous seqs after ap clustering: 5
2025-06-06 19:56:15,926 [INFO]: The number of anomalous clusters: 5
2025-06-06 19:56:15,932 [INFO]: Metric patterns dumped.
2025-06-06 19:56:15,934 [INFO]: precision: 0.706, recall: 1.000, f1: 0.828
2025-06-06 19:56:15,942 [INFO]: Experiment result plotted!
2025-06-06 19:56:16,284 [INFO]: ============================================================
2025-06-06 19:56:16,284 [INFO]: Dataset: latency (metric latency_45), m: 5, p: 99
2025-06-06 19:56:16,297 [INFO]: The number of anomalous seqs: 6
2025-06-06 19:56:16,312 [INFO]: The number of anomalous seqs after ap clustering: 5
2025-06-06 19:56:16,312 [INFO]: The number of anomalous clusters: 5
2025-06-06 19:56:16,318 [INFO]: Metric patterns dumped.
2025-06-06 19:56:16,318 [INFO]: precision: 0.333, recall: 0.429, f1: 0.375
2025-06-06 19:56:16,322 [INFO]: Experiment result plotted!
2025-06-06 19:56:16,680 [INFO]: ============================================================
2025-06-06 19:56:16,682 [INFO]: Dataset: latency (metric latency_46), m: 5, p: 99
2025-06-06 19:56:16,692 [INFO]: The number of anomalous seqs: 6
2025-06-06 19:56:16,714 [INFO]: The number of anomalous seqs after ap clustering: 6
2025-06-06 19:56:16,714 [INFO]: The number of anomalous clusters: 6
2025-06-06 19:56:16,718 [INFO]: Metric patterns dumped.
2025-06-06 19:56:16,722 [INFO]: precision: 0.300, recall: 1.000, f1: 0.462
2025-06-06 19:56:16,732 [INFO]: Experiment result plotted!
2025-06-06 19:56:17,097 [INFO]: ============================================================
2025-06-06 19:56:17,099 [INFO]: Dataset: latency (metric latency_47), m: 5, p: 99
2025-06-06 19:56:17,112 [INFO]: The number of anomalous seqs: 7
2025-06-06 19:56:17,142 [INFO]: The number of anomalous seqs after ap clustering: 7
2025-06-06 19:56:17,142 [INFO]: The number of anomalous clusters: 5
2025-06-06 19:56:17,142 [INFO]: Metric patterns dumped.
2025-06-06 19:56:17,153 [INFO]: precision: 0.667, recall: 0.769, f1: 0.714
2025-06-06 19:56:17,167 [INFO]: Experiment result plotted!
2025-06-06 19:56:17,524 [INFO]: ============================================================
2025-06-06 19:56:17,524 [INFO]: Dataset: latency (metric latency_48), m: 5, p: 99
2025-06-06 19:56:17,540 [INFO]: The number of anomalous seqs: 7
2025-06-06 19:56:17,612 [INFO]: The number of anomalous seqs after ap clustering: 7
2025-06-06 19:56:17,612 [INFO]: The number of anomalous clusters: 7
2025-06-06 19:56:17,624 [INFO]: Metric patterns dumped.
2025-06-06 19:56:17,628 [INFO]: precision: 0.667, recall: 0.667, f1: 0.667
2025-06-06 19:56:17,642 [INFO]: Experiment result plotted!
2025-06-06 19:56:17,972 [INFO]: ============================================================
2025-06-06 19:56:17,972 [INFO]: Dataset: latency (metric latency_49), m: 5, p: 99
2025-06-06 19:56:17,982 [INFO]: The number of anomalous seqs: 6
2025-06-06 19:56:17,992 [INFO]: The number of anomalous seqs after ap clustering: 6
2025-06-06 19:56:18,001 [INFO]: The number of anomalous clusters: 6
2025-06-06 19:56:18,002 [INFO]: Metric patterns dumped.
2025-06-06 19:56:18,009 [INFO]: precision: 0.300, recall: 0.429, f1: 0.353
2025-06-06 19:56:18,016 [INFO]: Experiment result plotted!
2025-06-06 19:56:18,448 [INFO]: ============================================================
2025-06-06 19:56:18,452 [INFO]: Dataset: latency (metric latency_50), m: 5, p: 99
2025-06-06 19:56:18,464 [INFO]: The number of anomalous seqs: 7
2025-06-06 19:56:18,496 [INFO]: The number of anomalous seqs after ap clustering: 7
2025-06-06 19:56:18,496 [INFO]: The number of anomalous clusters: 7
2025-06-06 19:56:18,507 [INFO]: Metric patterns dumped.
2025-06-06 19:56:18,512 [INFO]: precision: 0.455, recall: 1.000, f1: 0.625
2025-06-06 19:56:18,522 [INFO]: Experiment result plotted!
2025-06-06 19:56:18,859 [INFO]: ^^^^^^^^^^^^^^^ Experimental results of Latency dataset ^^^^^^^^^^^^^^^
2025-06-06 19:56:18,859 [INFO]: precision: 0.525, recall: 0.851, f1: 0.634
