2025-06-03 12:14:41,063 [INFO]: ^^^^^^^^^^^^^^^ Offline anomaly detection for Page Load Time dataset ^^^^^^^^^^^^^^^
2025-06-03 12:14:41,774 [INFO]: ============================================================
2025-06-03 12:14:41,774 [INFO]: Dataset: page_load (metric page_load_1), m: 5, p: 99
2025-06-03 12:14:49,663 [INFO]: The number of anomalous seqs: 7
2025-06-03 12:14:49,711 [INFO]: The number of anomalous seqs after ap clustering: 7
2025-06-03 12:14:49,712 [INFO]: The number of anomalous clusters: 7
2025-06-03 12:14:49,718 [INFO]: Metric patterns dumped.
2025-06-03 12:14:49,721 [INFO]: precision: 0.600, recall: 0.692, f1: 0.643
2025-06-03 12:14:49,838 [INFO]: Experiment result plotted!
2025-06-03 12:14:50,071 [INFO]: ============================================================
2025-06-03 12:14:50,073 [INFO]: Dataset: page_load (metric page_load_2), m: 5, p: 99
2025-06-03 12:14:50,085 [INFO]: The number of anomalous seqs: 6
2025-06-03 12:14:50,139 [INFO]: The number of anomalous seqs after ap clustering: 5
2025-06-03 12:14:50,140 [INFO]: The number of anomalous clusters: 3
2025-06-03 12:14:50,146 [INFO]: Metric patterns dumped.
2025-06-03 12:14:50,151 [INFO]: precision: 0.615, recall: 0.727, f1: 0.667
2025-06-03 12:14:50,160 [INFO]: Experiment result plotted!
2025-06-03 12:14:50,434 [INFO]: ============================================================
2025-06-03 12:14:50,434 [INFO]: Dataset: page_load (metric page_load_3), m: 5, p: 99
2025-06-03 12:14:50,443 [INFO]: The number of anomalous seqs: 7
2025-06-03 12:14:50,478 [INFO]: The number of anomalous seqs after ap clustering: 7
2025-06-03 12:14:50,478 [INFO]: The number of anomalous clusters: 7
2025-06-03 12:14:50,485 [INFO]: Metric patterns dumped.
2025-06-03 12:14:50,487 [INFO]: precision: 0.533, recall: 1.000, f1: 0.696
2025-06-03 12:14:50,495 [INFO]: Experiment result plotted!
2025-06-03 12:14:50,743 [INFO]: ============================================================
2025-06-03 12:14:50,744 [INFO]: Dataset: page_load (metric page_load_4), m: 5, p: 99
2025-06-03 12:14:50,754 [INFO]: The number of anomalous seqs: 6
2025-06-03 12:14:50,773 [INFO]: The number of anomalous seqs after ap clustering: 6
2025-06-03 12:14:50,774 [INFO]: The number of anomalous clusters: 5
2025-06-03 12:14:50,778 [INFO]: Metric patterns dumped.
2025-06-03 12:14:50,781 [INFO]: precision: 0.500, recall: 0.625, f1: 0.556
2025-06-03 12:14:50,789 [INFO]: Experiment result plotted!
2025-06-03 12:14:51,040 [INFO]: ============================================================
2025-06-03 12:14:51,042 [INFO]: Dataset: page_load (metric page_load_5), m: 5, p: 99
2025-06-03 12:14:51,049 [INFO]: The number of anomalous seqs: 6
2025-06-03 12:14:51,070 [INFO]: The number of anomalous seqs after ap clustering: 6
2025-06-03 12:14:51,070 [INFO]: The number of anomalous clusters: 6
2025-06-03 12:14:51,075 [INFO]: Metric patterns dumped.
2025-06-03 12:14:51,077 [INFO]: precision: 0.643, recall: 0.750, f1: 0.692
2025-06-03 12:14:51,083 [INFO]: Experiment result plotted!
2025-06-03 12:14:51,356 [INFO]: ============================================================
2025-06-03 12:14:51,357 [INFO]: Dataset: page_load (metric page_load_6), m: 5, p: 99
2025-06-03 12:14:51,367 [INFO]: The number of anomalous seqs: 7
2025-06-03 12:14:51,389 [INFO]: The number of anomalous seqs after ap clustering: 7
2025-06-03 12:14:51,389 [INFO]: The number of anomalous clusters: 7
2025-06-03 12:14:51,394 [INFO]: Metric patterns dumped.
2025-06-03 12:14:51,396 [INFO]: precision: 0.467, recall: 0.583, f1: 0.519
2025-06-03 12:14:51,406 [INFO]: Experiment result plotted!
2025-06-03 12:14:51,672 [INFO]: ============================================================
2025-06-03 12:14:51,673 [INFO]: Dataset: page_load (metric page_load_7), m: 5, p: 99
2025-06-03 12:14:51,682 [INFO]: The number of anomalous seqs: 6
2025-06-03 12:14:51,696 [INFO]: The number of anomalous seqs after ap clustering: 6
2025-06-03 12:14:51,697 [INFO]: The number of anomalous clusters: 4
2025-06-03 12:14:51,701 [INFO]: Metric patterns dumped.
2025-06-03 12:14:51,704 [INFO]: precision: 0.400, recall: 0.500, f1: 0.444
2025-06-03 12:14:51,710 [INFO]: Experiment result plotted!
2025-06-03 12:14:51,970 [INFO]: ============================================================
2025-06-03 12:14:51,970 [INFO]: Dataset: page_load (metric page_load_8), m: 5, p: 99
2025-06-03 12:14:51,978 [INFO]: The number of anomalous seqs: 7
2025-06-03 12:14:52,000 [INFO]: The number of anomalous seqs after ap clustering: 7
2025-06-03 12:14:52,001 [INFO]: The number of anomalous clusters: 7
2025-06-03 12:14:52,006 [INFO]: Metric patterns dumped.
2025-06-03 12:14:52,009 [INFO]: precision: 0.684, recall: 0.765, f1: 0.722
2025-06-03 12:14:52,018 [INFO]: Experiment result plotted!
2025-06-03 12:14:52,289 [INFO]: ============================================================
2025-06-03 12:14:52,291 [INFO]: Dataset: page_load (metric page_load_9), m: 5, p: 99
2025-06-03 12:14:52,299 [INFO]: The number of anomalous seqs: 6
2025-06-03 12:14:52,320 [INFO]: The number of anomalous seqs after ap clustering: 6
2025-06-03 12:14:52,321 [INFO]: The number of anomalous clusters: 6
2025-06-03 12:14:52,325 [INFO]: Metric patterns dumped.
2025-06-03 12:14:52,328 [INFO]: precision: 0.400, recall: 1.000, f1: 0.571
2025-06-03 12:14:52,338 [INFO]: Experiment result plotted!
2025-06-03 12:14:52,597 [INFO]: ============================================================
2025-06-03 12:14:52,598 [INFO]: Dataset: page_load (metric page_load_10), m: 5, p: 99
2025-06-03 12:14:52,608 [INFO]: The number of anomalous seqs: 7
2025-06-03 12:14:52,630 [INFO]: The number of anomalous seqs after ap clustering: 7
2025-06-03 12:14:52,631 [INFO]: The number of anomalous clusters: 7
2025-06-03 12:14:52,636 [INFO]: Metric patterns dumped.
2025-06-03 12:14:52,639 [INFO]: precision: 0.600, recall: 0.692, f1: 0.643
2025-06-03 12:14:52,646 [INFO]: Experiment result plotted!
2025-06-03 12:14:53,009 [INFO]: ============================================================
2025-06-03 12:14:53,010 [INFO]: Dataset: page_load (metric page_load_11), m: 5, p: 99
2025-06-03 12:14:53,019 [INFO]: The number of anomalous seqs: 7
2025-06-03 12:14:53,040 [INFO]: The number of anomalous seqs after ap clustering: 7
2025-06-03 12:14:53,041 [INFO]: The number of anomalous clusters: 7
2025-06-03 12:14:53,045 [INFO]: Metric patterns dumped.
2025-06-03 12:14:53,047 [INFO]: precision: 0.579, recall: 0.786, f1: 0.667
2025-06-03 12:14:53,056 [INFO]: Experiment result plotted!
2025-06-03 12:14:53,309 [INFO]: ============================================================
2025-06-03 12:14:53,310 [INFO]: Dataset: page_load (metric page_load_12), m: 5, p: 99
2025-06-03 12:14:53,320 [INFO]: The number of anomalous seqs: 7
2025-06-03 12:14:53,343 [INFO]: The number of anomalous seqs after ap clustering: 6
2025-06-03 12:14:53,344 [INFO]: The number of anomalous clusters: 6
2025-06-03 12:14:53,349 [INFO]: Metric patterns dumped.
2025-06-03 12:14:53,351 [INFO]: precision: 0.400, recall: 1.000, f1: 0.571
2025-06-03 12:14:53,358 [INFO]: Experiment result plotted!
2025-06-03 12:14:53,601 [INFO]: ============================================================
2025-06-03 12:14:53,602 [INFO]: Dataset: page_load (metric page_load_13), m: 5, p: 99
2025-06-03 12:14:53,609 [INFO]: The number of anomalous seqs: 6
2025-06-03 12:14:53,630 [INFO]: The number of anomalous seqs after ap clustering: 0
2025-06-03 12:14:53,630 [INFO]: The number of anomalous clusters: 0
2025-06-03 12:14:53,635 [INFO]: Metric patterns dumped.
2025-06-03 12:14:53,636 [INFO]: No anomalous patterns detected!
2025-06-03 12:14:53,636 [INFO]: precision: 1.000, recall: 1.000, f1: 1.000
2025-06-03 12:14:53,639 [INFO]: Experiment result plotted!
2025-06-03 12:14:53,940 [INFO]: ============================================================
2025-06-03 12:14:53,941 [INFO]: Dataset: page_load (metric page_load_14), m: 5, p: 99
2025-06-03 12:14:53,953 [INFO]: The number of anomalous seqs: 6
2025-06-03 12:14:53,972 [INFO]: The number of anomalous seqs after ap clustering: 6
2025-06-03 12:14:53,973 [INFO]: The number of anomalous clusters: 4
2025-06-03 12:14:53,977 [INFO]: Metric patterns dumped.
2025-06-03 12:14:53,979 [INFO]: precision: 0.400, recall: 0.308, f1: 0.348
2025-06-03 12:14:53,987 [INFO]: Experiment result plotted!
2025-06-03 12:14:54,255 [INFO]: ============================================================
2025-06-03 12:14:54,256 [INFO]: Dataset: page_load (metric page_load_15), m: 5, p: 99
2025-06-03 12:14:54,269 [INFO]: The number of anomalous seqs: 6
2025-06-03 12:14:54,291 [INFO]: The number of anomalous seqs after ap clustering: 6
2025-06-03 12:14:54,292 [INFO]: The number of anomalous clusters: 6
2025-06-03 12:14:54,297 [INFO]: Metric patterns dumped.
2025-06-03 12:14:54,300 [INFO]: precision: 0.500, recall: 0.500, f1: 0.500
2025-06-03 12:14:54,306 [INFO]: Experiment result plotted!
2025-06-03 12:14:54,554 [INFO]: ============================================================
2025-06-03 12:14:54,554 [INFO]: Dataset: page_load (metric page_load_16), m: 5, p: 99
2025-06-03 12:14:54,572 [INFO]: The number of anomalous seqs: 6
2025-06-03 12:14:54,598 [INFO]: The number of anomalous seqs after ap clustering: 6
2025-06-03 12:14:54,598 [INFO]: The number of anomalous clusters: 6
2025-06-03 12:14:54,604 [INFO]: Metric patterns dumped.
2025-06-03 12:14:54,608 [INFO]: precision: 0.500, recall: 1.000, f1: 0.667
2025-06-03 12:14:54,616 [INFO]: Experiment result plotted!
2025-06-03 12:14:54,886 [INFO]: ============================================================
2025-06-03 12:14:54,887 [INFO]: Dataset: page_load (metric page_load_17), m: 5, p: 99
2025-06-03 12:14:54,898 [INFO]: The number of anomalous seqs: 6
2025-06-03 12:14:54,915 [INFO]: The number of anomalous seqs after ap clustering: 6
2025-06-03 12:14:54,916 [INFO]: The number of anomalous clusters: 6
2025-06-03 12:14:54,922 [INFO]: Metric patterns dumped.
2025-06-03 12:14:54,923 [INFO]: precision: 0.714, recall: 1.000, f1: 0.833
2025-06-03 12:14:54,931 [INFO]: Experiment result plotted!
2025-06-03 12:14:55,183 [INFO]: ============================================================
2025-06-03 12:14:55,183 [INFO]: Dataset: page_load (metric page_load_18), m: 5, p: 99
2025-06-03 12:14:55,190 [INFO]: The number of anomalous seqs: 6
2025-06-03 12:14:55,212 [INFO]: The number of anomalous seqs after ap clustering: 6
2025-06-03 12:14:55,212 [INFO]: The number of anomalous clusters: 6
2025-06-03 12:14:55,218 [INFO]: Metric patterns dumped.
2025-06-03 12:14:55,221 [INFO]: precision: 0.500, recall: 0.455, f1: 0.476
2025-06-03 12:14:55,228 [INFO]: Experiment result plotted!
2025-06-03 12:14:55,491 [INFO]: ============================================================
2025-06-03 12:14:55,492 [INFO]: Dataset: page_load (metric page_load_19), m: 5, p: 99
2025-06-03 12:14:55,502 [INFO]: The number of anomalous seqs: 6
2025-06-03 12:14:55,520 [INFO]: The number of anomalous seqs after ap clustering: 6
2025-06-03 12:14:55,520 [INFO]: The number of anomalous clusters: 6
2025-06-03 12:14:55,525 [INFO]: Metric patterns dumped.
2025-06-03 12:14:55,528 [INFO]: precision: 0.571, recall: 0.727, f1: 0.640
2025-06-03 12:14:55,535 [INFO]: Experiment result plotted!
2025-06-03 12:14:55,800 [INFO]: ============================================================
2025-06-03 12:14:55,800 [INFO]: Dataset: page_load (metric page_load_20), m: 5, p: 99
2025-06-03 12:14:55,810 [INFO]: The number of anomalous seqs: 7
2025-06-03 12:14:55,830 [INFO]: The number of anomalous seqs after ap clustering: 7
2025-06-03 12:14:55,831 [INFO]: The number of anomalous clusters: 7
2025-06-03 12:14:55,836 [INFO]: Metric patterns dumped.
2025-06-03 12:14:55,838 [INFO]: precision: 0.455, recall: 0.385, f1: 0.417
2025-06-03 12:14:55,846 [INFO]: Experiment result plotted!
2025-06-03 12:14:56,122 [INFO]: ============================================================
2025-06-03 12:14:56,123 [INFO]: Dataset: page_load (metric page_load_21), m: 5, p: 99
2025-06-03 12:14:56,132 [INFO]: The number of anomalous seqs: 7
2025-06-03 12:14:56,150 [INFO]: The number of anomalous seqs after ap clustering: 7
2025-06-03 12:14:56,150 [INFO]: The number of anomalous clusters: 6
2025-06-03 12:14:56,154 [INFO]: Metric patterns dumped.
2025-06-03 12:14:56,156 [INFO]: precision: 0.364, recall: 1.000, f1: 0.533
2025-06-03 12:14:56,164 [INFO]: Experiment result plotted!
2025-06-03 12:14:56,447 [INFO]: ============================================================
2025-06-03 12:14:56,448 [INFO]: Dataset: page_load (metric page_load_22), m: 5, p: 99
2025-06-03 12:14:56,457 [INFO]: The number of anomalous seqs: 7
2025-06-03 12:14:56,477 [INFO]: The number of anomalous seqs after ap clustering: 6
2025-06-03 12:14:56,477 [INFO]: The number of anomalous clusters: 6
2025-06-03 12:14:56,483 [INFO]: Metric patterns dumped.
2025-06-03 12:14:56,487 [INFO]: precision: 0.400, recall: 1.000, f1: 0.571
2025-06-03 12:14:56,497 [INFO]: Experiment result plotted!
2025-06-03 12:14:56,826 [INFO]: ============================================================
2025-06-03 12:14:56,826 [INFO]: Dataset: page_load (metric page_load_23), m: 5, p: 99
2025-06-03 12:14:56,834 [INFO]: The number of anomalous seqs: 6
2025-06-03 12:14:56,848 [INFO]: The number of anomalous seqs after ap clustering: 6
2025-06-03 12:14:56,850 [INFO]: The number of anomalous clusters: 5
2025-06-03 12:14:56,853 [INFO]: Metric patterns dumped.
2025-06-03 12:14:56,855 [INFO]: precision: 0.500, recall: 0.556, f1: 0.526
2025-06-03 12:14:56,861 [INFO]: Experiment result plotted!
2025-06-03 12:14:57,116 [INFO]: ============================================================
2025-06-03 12:14:57,117 [INFO]: Dataset: page_load (metric page_load_24), m: 5, p: 99
2025-06-03 12:14:57,125 [INFO]: The number of anomalous seqs: 6
2025-06-03 12:14:57,145 [INFO]: The number of anomalous seqs after ap clustering: 6
2025-06-03 12:14:57,146 [INFO]: The number of anomalous clusters: 6
2025-06-03 12:14:57,151 [INFO]: Metric patterns dumped.
2025-06-03 12:14:57,154 [INFO]: precision: 0.300, recall: 1.000, f1: 0.462
2025-06-03 12:14:57,161 [INFO]: Experiment result plotted!
2025-06-03 12:14:57,431 [INFO]: ============================================================
2025-06-03 12:14:57,432 [INFO]: Dataset: page_load (metric page_load_25), m: 5, p: 99
2025-06-03 12:14:57,438 [INFO]: The number of anomalous seqs: 7
2025-06-03 12:14:57,458 [INFO]: The number of anomalous seqs after ap clustering: 7
2025-06-03 12:14:57,458 [INFO]: The number of anomalous clusters: 5
2025-06-03 12:14:57,464 [INFO]: Metric patterns dumped.
2025-06-03 12:14:57,466 [INFO]: precision: 0.455, recall: 1.000, f1: 0.625
2025-06-03 12:14:57,468 [INFO]: Experiment result plotted!
2025-06-03 12:14:57,763 [INFO]: ============================================================
2025-06-03 12:14:57,764 [INFO]: Dataset: page_load (metric page_load_26), m: 5, p: 99
2025-06-03 12:14:57,772 [INFO]: The number of anomalous seqs: 6
2025-06-03 12:14:57,788 [INFO]: The number of anomalous seqs after ap clustering: 6
2025-06-03 12:14:57,789 [INFO]: The number of anomalous clusters: 6
2025-06-03 12:14:57,793 [INFO]: Metric patterns dumped.
2025-06-03 12:14:57,795 [INFO]: precision: 0.500, recall: 1.000, f1: 0.667
2025-06-03 12:14:57,802 [INFO]: Experiment result plotted!
2025-06-03 12:14:58,059 [INFO]: ============================================================
2025-06-03 12:14:58,060 [INFO]: Dataset: page_load (metric page_load_27), m: 5, p: 99
2025-06-03 12:14:58,070 [INFO]: The number of anomalous seqs: 6
2025-06-03 12:14:58,088 [INFO]: The number of anomalous seqs after ap clustering: 6
2025-06-03 12:14:58,088 [INFO]: The number of anomalous clusters: 6
2025-06-03 12:14:58,092 [INFO]: Metric patterns dumped.
2025-06-03 12:14:58,093 [INFO]: precision: 0.571, recall: 1.000, f1: 0.727
2025-06-03 12:14:58,101 [INFO]: Experiment result plotted!
2025-06-03 12:14:58,385 [INFO]: ============================================================
2025-06-03 12:14:58,386 [INFO]: Dataset: page_load (metric page_load_28), m: 5, p: 99
2025-06-03 12:14:58,395 [INFO]: The number of anomalous seqs: 6
2025-06-03 12:14:58,444 [INFO]: The number of anomalous seqs after ap clustering: 6
2025-06-03 12:14:58,444 [INFO]: The number of anomalous clusters: 6
2025-06-03 12:14:58,451 [INFO]: Metric patterns dumped.
2025-06-03 12:14:58,454 [INFO]: precision: 0.500, recall: 0.556, f1: 0.526
2025-06-03 12:14:58,462 [INFO]: Experiment result plotted!
2025-06-03 12:14:58,714 [INFO]: ============================================================
2025-06-03 12:14:58,715 [INFO]: Dataset: page_load (metric page_load_29), m: 5, p: 99
2025-06-03 12:14:58,723 [INFO]: The number of anomalous seqs: 7
2025-06-03 12:14:58,744 [INFO]: The number of anomalous seqs after ap clustering: 7
2025-06-03 12:14:58,745 [INFO]: The number of anomalous clusters: 7
2025-06-03 12:14:58,750 [INFO]: Metric patterns dumped.
2025-06-03 12:14:58,752 [INFO]: precision: 0.600, recall: 1.000, f1: 0.750
2025-06-03 12:14:58,759 [INFO]: Experiment result plotted!
2025-06-03 12:14:59,051 [INFO]: ============================================================
2025-06-03 12:14:59,052 [INFO]: Dataset: page_load (metric page_load_30), m: 5, p: 99
2025-06-03 12:14:59,062 [INFO]: The number of anomalous seqs: 6
2025-06-03 12:14:59,083 [INFO]: The number of anomalous seqs after ap clustering: 6
2025-06-03 12:14:59,084 [INFO]: The number of anomalous clusters: 6
2025-06-03 12:14:59,087 [INFO]: Metric patterns dumped.
2025-06-03 12:14:59,089 [INFO]: precision: 0.417, recall: 0.556, f1: 0.476
2025-06-03 12:14:59,096 [INFO]: Experiment result plotted!
2025-06-03 12:14:59,360 [INFO]: ============================================================
2025-06-03 12:14:59,361 [INFO]: Dataset: page_load (metric page_load_31), m: 5, p: 99
2025-06-03 12:14:59,371 [INFO]: The number of anomalous seqs: 6
2025-06-03 12:14:59,390 [INFO]: The number of anomalous seqs after ap clustering: 6
2025-06-03 12:14:59,391 [INFO]: The number of anomalous clusters: 6
2025-06-03 12:14:59,395 [INFO]: Metric patterns dumped.
2025-06-03 12:14:59,399 [INFO]: precision: 0.429, recall: 1.000, f1: 0.600
2025-06-03 12:14:59,405 [INFO]: Experiment result plotted!
2025-06-03 12:14:59,676 [INFO]: ============================================================
2025-06-03 12:14:59,678 [INFO]: Dataset: page_load (metric page_load_32), m: 5, p: 99
2025-06-03 12:14:59,687 [INFO]: The number of anomalous seqs: 6
2025-06-03 12:14:59,711 [INFO]: The number of anomalous seqs after ap clustering: 6
2025-06-03 12:14:59,712 [INFO]: The number of anomalous clusters: 6
2025-06-03 12:14:59,720 [INFO]: Metric patterns dumped.
2025-06-03 12:14:59,722 [INFO]: precision: 0.500, recall: 0.417, f1: 0.455
2025-06-03 12:14:59,730 [INFO]: Experiment result plotted!
2025-06-03 12:15:00,021 [INFO]: ============================================================
2025-06-03 12:15:00,022 [INFO]: Dataset: page_load (metric page_load_33), m: 5, p: 99
2025-06-03 12:15:00,033 [INFO]: The number of anomalous seqs: 6
2025-06-03 12:15:00,058 [INFO]: The number of anomalous seqs after ap clustering: 6
2025-06-03 12:15:00,059 [INFO]: The number of anomalous clusters: 6
2025-06-03 12:15:00,068 [INFO]: Metric patterns dumped.
2025-06-03 12:15:00,075 [INFO]: precision: 0.500, recall: 1.000, f1: 0.667
2025-06-03 12:15:00,087 [INFO]: Experiment result plotted!
2025-06-03 12:15:00,415 [INFO]: ============================================================
2025-06-03 12:15:00,416 [INFO]: Dataset: page_load (metric page_load_34), m: 5, p: 99
2025-06-03 12:15:00,426 [INFO]: The number of anomalous seqs: 6
2025-06-03 12:15:00,445 [INFO]: The number of anomalous seqs after ap clustering: 6
2025-06-03 12:15:00,446 [INFO]: The number of anomalous clusters: 6
2025-06-03 12:15:00,453 [INFO]: Metric patterns dumped.
2025-06-03 12:15:00,456 [INFO]: precision: 0.571, recall: 0.727, f1: 0.640
2025-06-03 12:15:00,468 [INFO]: Experiment result plotted!
2025-06-03 12:15:00,824 [INFO]: ============================================================
2025-06-03 12:15:00,824 [INFO]: Dataset: page_load (metric page_load_35), m: 5, p: 99
2025-06-03 12:15:00,838 [INFO]: The number of anomalous seqs: 7
2025-06-03 12:15:00,867 [INFO]: The number of anomalous seqs after ap clustering: 5
2025-06-03 12:15:00,868 [INFO]: The number of anomalous clusters: 5
2025-06-03 12:15:00,873 [INFO]: Metric patterns dumped.
2025-06-03 12:15:00,876 [INFO]: precision: 0.333, recall: 0.300, f1: 0.316
2025-06-03 12:15:00,886 [INFO]: Experiment result plotted!
2025-06-03 12:15:01,381 [INFO]: ============================================================
2025-06-03 12:15:01,382 [INFO]: Dataset: page_load (metric page_load_36), m: 5, p: 99
2025-06-03 12:15:01,393 [INFO]: The number of anomalous seqs: 6
2025-06-03 12:15:01,413 [INFO]: The number of anomalous seqs after ap clustering: 6
2025-06-03 12:15:01,413 [INFO]: The number of anomalous clusters: 6
2025-06-03 12:15:01,418 [INFO]: Metric patterns dumped.
2025-06-03 12:15:01,421 [INFO]: precision: 0.429, recall: 1.000, f1: 0.600
2025-06-03 12:15:01,428 [INFO]: Experiment result plotted!
2025-06-03 12:15:01,735 [INFO]: ============================================================
2025-06-03 12:15:01,736 [INFO]: Dataset: page_load (metric page_load_37), m: 5, p: 99
2025-06-03 12:15:01,749 [INFO]: The number of anomalous seqs: 7
2025-06-03 12:15:01,777 [INFO]: The number of anomalous seqs after ap clustering: 7
2025-06-03 12:15:01,778 [INFO]: The number of anomalous clusters: 7
2025-06-03 12:15:01,784 [INFO]: Metric patterns dumped.
2025-06-03 12:15:01,787 [INFO]: precision: 0.467, recall: 1.000, f1: 0.636
2025-06-03 12:15:01,800 [INFO]: Experiment result plotted!
2025-06-03 12:15:02,144 [INFO]: ============================================================
2025-06-03 12:15:02,145 [INFO]: Dataset: page_load (metric page_load_38), m: 5, p: 99
2025-06-03 12:15:02,155 [INFO]: The number of anomalous seqs: 6
2025-06-03 12:15:02,178 [INFO]: The number of anomalous seqs after ap clustering: 6
2025-06-03 12:15:02,178 [INFO]: The number of anomalous clusters: 4
2025-06-03 12:15:02,183 [INFO]: Metric patterns dumped.
2025-06-03 12:15:02,200 [INFO]: precision: 0.500, recall: 0.385, f1: 0.435
2025-06-03 12:15:02,208 [INFO]: Experiment result plotted!
2025-06-03 12:15:02,550 [INFO]: ============================================================
2025-06-03 12:15:02,550 [INFO]: Dataset: page_load (metric page_load_39), m: 5, p: 99
2025-06-03 12:15:02,568 [INFO]: The number of anomalous seqs: 7
2025-06-03 12:15:02,597 [INFO]: The number of anomalous seqs after ap clustering: 7
2025-06-03 12:15:02,597 [INFO]: The number of anomalous clusters: 7
2025-06-03 12:15:02,597 [INFO]: Metric patterns dumped.
2025-06-03 12:15:02,597 [INFO]: precision: 0.533, recall: 0.615, f1: 0.571
2025-06-03 12:15:02,619 [INFO]: Experiment result plotted!
2025-06-03 12:15:02,917 [INFO]: ============================================================
2025-06-03 12:15:02,917 [INFO]: Dataset: page_load (metric page_load_40), m: 5, p: 99
2025-06-03 12:15:02,933 [INFO]: The number of anomalous seqs: 6
2025-06-03 12:15:02,965 [INFO]: The number of anomalous seqs after ap clustering: 6
2025-06-03 12:15:02,965 [INFO]: The number of anomalous clusters: 6
2025-06-03 12:15:02,971 [INFO]: Metric patterns dumped.
2025-06-03 12:15:02,973 [INFO]: precision: 0.643, recall: 1.000, f1: 0.783
2025-06-03 12:15:02,983 [INFO]: Experiment result plotted!
2025-06-03 12:15:03,234 [INFO]: ============================================================
2025-06-03 12:15:03,234 [INFO]: Dataset: page_load (metric page_load_41), m: 5, p: 99
2025-06-03 12:15:03,247 [INFO]: The number of anomalous seqs: 6
2025-06-03 12:15:03,268 [INFO]: The number of anomalous seqs after ap clustering: 6
2025-06-03 12:15:03,268 [INFO]: The number of anomalous clusters: 6
2025-06-03 12:15:03,274 [INFO]: Metric patterns dumped.
2025-06-03 12:15:03,276 [INFO]: precision: 0.400, recall: 1.000, f1: 0.571
2025-06-03 12:15:03,283 [INFO]: Experiment result plotted!
2025-06-03 12:15:03,563 [INFO]: ============================================================
2025-06-03 12:15:03,565 [INFO]: Dataset: page_load (metric page_load_42), m: 5, p: 99
2025-06-03 12:15:03,566 [INFO]: The number of anomalous seqs: 6
2025-06-03 12:15:03,592 [INFO]: The number of anomalous seqs after ap clustering: 6
2025-06-03 12:15:03,592 [INFO]: The number of anomalous clusters: 4
2025-06-03 12:15:03,596 [INFO]: Metric patterns dumped.
2025-06-03 12:15:03,600 [INFO]: precision: 0.400, recall: 0.444, f1: 0.421
2025-06-03 12:15:03,608 [INFO]: Experiment result plotted!
2025-06-03 12:15:03,851 [INFO]: ============================================================
2025-06-03 12:15:03,851 [INFO]: Dataset: page_load (metric page_load_43), m: 5, p: 99
2025-06-03 12:15:03,868 [INFO]: The number of anomalous seqs: 6
2025-06-03 12:15:03,892 [INFO]: The number of anomalous seqs after ap clustering: 6
2025-06-03 12:15:03,892 [INFO]: The number of anomalous clusters: 6
2025-06-03 12:15:03,896 [INFO]: Metric patterns dumped.
2025-06-03 12:15:03,898 [INFO]: precision: 0.500, recall: 1.000, f1: 0.667
2025-06-03 12:15:03,906 [INFO]: Experiment result plotted!
2025-06-03 12:15:04,215 [INFO]: ============================================================
2025-06-03 12:15:04,215 [INFO]: Dataset: page_load (metric page_load_44), m: 5, p: 99
2025-06-03 12:15:04,231 [INFO]: The number of anomalous seqs: 7
2025-06-03 12:15:04,293 [INFO]: The number of anomalous seqs after ap clustering: 7
2025-06-03 12:15:04,293 [INFO]: The number of anomalous clusters: 7
2025-06-03 12:15:04,301 [INFO]: Metric patterns dumped.
2025-06-03 12:15:04,304 [INFO]: precision: 0.533, recall: 1.000, f1: 0.696
2025-06-03 12:15:04,313 [INFO]: Experiment result plotted!
2025-06-03 12:15:04,581 [INFO]: ============================================================
2025-06-03 12:15:04,581 [INFO]: Dataset: page_load (metric page_load_45), m: 5, p: 99
2025-06-03 12:15:04,581 [INFO]: The number of anomalous seqs: 6
2025-06-03 12:15:04,609 [INFO]: The number of anomalous seqs after ap clustering: 6
2025-06-03 12:15:04,609 [INFO]: The number of anomalous clusters: 6
2025-06-03 12:15:04,612 [INFO]: Metric patterns dumped.
2025-06-03 12:15:04,614 [INFO]: precision: 0.500, recall: 0.455, f1: 0.476
2025-06-03 12:15:04,620 [INFO]: Experiment result plotted!
2025-06-03 12:15:04,898 [INFO]: ============================================================
2025-06-03 12:15:04,898 [INFO]: Dataset: page_load (metric page_load_46), m: 5, p: 99
2025-06-03 12:15:04,914 [INFO]: The number of anomalous seqs: 7
2025-06-03 12:15:04,936 [INFO]: The number of anomalous seqs after ap clustering: 7
2025-06-03 12:15:04,936 [INFO]: The number of anomalous clusters: 7
2025-06-03 12:15:04,940 [INFO]: Metric patterns dumped.
2025-06-03 12:15:04,942 [INFO]: precision: 0.364, recall: 0.571, f1: 0.444
2025-06-03 12:15:04,950 [INFO]: Experiment result plotted!
2025-06-03 12:15:05,247 [INFO]: ============================================================
2025-06-03 12:15:05,247 [INFO]: Dataset: page_load (metric page_load_47), m: 5, p: 99
2025-06-03 12:15:05,263 [INFO]: The number of anomalous seqs: 6
2025-06-03 12:15:05,286 [INFO]: The number of anomalous seqs after ap clustering: 6
2025-06-03 12:15:05,286 [INFO]: The number of anomalous clusters: 6
2025-06-03 12:15:05,294 [INFO]: Metric patterns dumped.
2025-06-03 12:15:05,296 [INFO]: precision: 0.500, recall: 1.000, f1: 0.667
2025-06-03 12:15:05,304 [INFO]: Experiment result plotted!
2025-06-03 12:15:05,643 [INFO]: ============================================================
2025-06-03 12:15:05,643 [INFO]: Dataset: page_load (metric page_load_48), m: 5, p: 99
2025-06-03 12:15:05,659 [INFO]: The number of anomalous seqs: 7
2025-06-03 12:15:05,685 [INFO]: The number of anomalous seqs after ap clustering: 0
2025-06-03 12:15:05,685 [INFO]: The number of anomalous clusters: 0
2025-06-03 12:15:05,700 [INFO]: Metric patterns dumped.
2025-06-03 12:15:05,702 [INFO]: No anomalous patterns detected!
2025-06-03 12:15:05,702 [INFO]: precision: 1.000, recall: 1.000, f1: 1.000
2025-06-03 12:15:05,706 [INFO]: Experiment result plotted!
2025-06-03 12:15:06,133 [INFO]: ============================================================
2025-06-03 12:15:06,133 [INFO]: Dataset: page_load (metric page_load_49), m: 5, p: 99
2025-06-03 12:15:06,149 [INFO]: The number of anomalous seqs: 7
2025-06-03 12:15:06,165 [INFO]: The number of anomalous seqs after ap clustering: 7
2025-06-03 12:15:06,165 [INFO]: The number of anomalous clusters: 7
2025-06-03 12:15:06,181 [INFO]: Metric patterns dumped.
2025-06-03 12:15:06,181 [INFO]: precision: 0.455, recall: 0.556, f1: 0.500
2025-06-03 12:15:06,196 [INFO]: Experiment result plotted!
2025-06-03 12:15:06,591 [INFO]: ============================================================
2025-06-03 12:15:06,591 [INFO]: Dataset: page_load (metric page_load_50), m: 5, p: 99
2025-06-03 12:15:06,607 [INFO]: The number of anomalous seqs: 7
2025-06-03 12:15:06,654 [INFO]: The number of anomalous seqs after ap clustering: 7
2025-06-03 12:15:06,654 [INFO]: The number of anomalous clusters: 7
2025-06-03 12:15:06,654 [INFO]: Metric patterns dumped.
2025-06-03 12:15:06,654 [INFO]: precision: 0.273, recall: 1.000, f1: 0.429
2025-06-03 12:15:06,670 [INFO]: Experiment result plotted!
2025-06-03 12:15:07,023 [INFO]: ^^^^^^^^^^^^^^^ Experimental results of Page Load Time dataset ^^^^^^^^^^^^^^^
2025-06-03 12:15:07,023 [INFO]: precision: 0.510, recall: 0.773, f1: 0.594
2025-06-06 20:03:04,176 [INFO]: ^^^^^^^^^^^^^^^ Offline anomaly detection for Page Load Time dataset ^^^^^^^^^^^^^^^
2025-06-06 20:03:04,850 [INFO]: ============================================================
2025-06-06 20:03:04,850 [INFO]: Dataset: page_load (metric page_load_1), m: 5, p: 99
2025-06-06 20:03:14,341 [INFO]: The number of anomalous seqs: 7
2025-06-06 20:03:14,387 [INFO]: The number of anomalous seqs after ap clustering: 7
2025-06-06 20:03:14,389 [INFO]: The number of anomalous clusters: 7
2025-06-06 20:03:14,393 [INFO]: Metric patterns dumped.
2025-06-06 20:03:14,400 [INFO]: precision: 0.600, recall: 0.692, f1: 0.643
2025-06-06 20:03:14,551 [INFO]: Experiment result plotted!
2025-06-06 20:03:14,793 [INFO]: ============================================================
2025-06-06 20:03:14,795 [INFO]: Dataset: page_load (metric page_load_2), m: 5, p: 99
2025-06-06 20:03:14,811 [INFO]: The number of anomalous seqs: 6
2025-06-06 20:03:14,870 [INFO]: The number of anomalous seqs after ap clustering: 5
2025-06-06 20:03:14,870 [INFO]: The number of anomalous clusters: 3
2025-06-06 20:03:14,877 [INFO]: Metric patterns dumped.
2025-06-06 20:03:14,881 [INFO]: precision: 0.615, recall: 0.727, f1: 0.667
2025-06-06 20:03:14,893 [INFO]: Experiment result plotted!
2025-06-06 20:03:15,143 [INFO]: ============================================================
2025-06-06 20:03:15,143 [INFO]: Dataset: page_load (metric page_load_3), m: 5, p: 99
2025-06-06 20:03:15,156 [INFO]: The number of anomalous seqs: 7
2025-06-06 20:03:15,193 [INFO]: The number of anomalous seqs after ap clustering: 7
2025-06-06 20:03:15,193 [INFO]: The number of anomalous clusters: 7
2025-06-06 20:03:15,199 [INFO]: Metric patterns dumped.
2025-06-06 20:03:15,201 [INFO]: precision: 0.533, recall: 1.000, f1: 0.696
2025-06-06 20:03:15,211 [INFO]: Experiment result plotted!
2025-06-06 20:03:15,473 [INFO]: ============================================================
2025-06-06 20:03:15,473 [INFO]: Dataset: page_load (metric page_load_4), m: 5, p: 99
2025-06-06 20:03:15,484 [INFO]: The number of anomalous seqs: 6
2025-06-06 20:03:15,503 [INFO]: The number of anomalous seqs after ap clustering: 6
2025-06-06 20:03:15,504 [INFO]: The number of anomalous clusters: 5
2025-06-06 20:03:15,508 [INFO]: Metric patterns dumped.
2025-06-06 20:03:15,510 [INFO]: precision: 0.500, recall: 0.625, f1: 0.556
2025-06-06 20:03:15,513 [INFO]: Experiment result plotted!
2025-06-06 20:03:15,785 [INFO]: ============================================================
2025-06-06 20:03:15,785 [INFO]: Dataset: page_load (metric page_load_5), m: 5, p: 99
2025-06-06 20:03:15,793 [INFO]: The number of anomalous seqs: 6
2025-06-06 20:03:15,813 [INFO]: The number of anomalous seqs after ap clustering: 6
2025-06-06 20:03:15,813 [INFO]: The number of anomalous clusters: 6
2025-06-06 20:03:15,823 [INFO]: Metric patterns dumped.
2025-06-06 20:03:15,827 [INFO]: precision: 0.643, recall: 0.750, f1: 0.692
2025-06-06 20:03:15,835 [INFO]: Experiment result plotted!
2025-06-06 20:03:16,113 [INFO]: ============================================================
2025-06-06 20:03:16,113 [INFO]: Dataset: page_load (metric page_load_6), m: 5, p: 99
2025-06-06 20:03:16,123 [INFO]: The number of anomalous seqs: 7
2025-06-06 20:03:16,153 [INFO]: The number of anomalous seqs after ap clustering: 7
2025-06-06 20:03:16,153 [INFO]: The number of anomalous clusters: 7
2025-06-06 20:03:16,158 [INFO]: Metric patterns dumped.
2025-06-06 20:03:16,162 [INFO]: precision: 0.467, recall: 0.583, f1: 0.519
2025-06-06 20:03:16,172 [INFO]: Experiment result plotted!
2025-06-06 20:03:16,463 [INFO]: ============================================================
2025-06-06 20:03:16,468 [INFO]: Dataset: page_load (metric page_load_7), m: 5, p: 99
2025-06-06 20:03:16,473 [INFO]: The number of anomalous seqs: 6
2025-06-06 20:03:16,505 [INFO]: The number of anomalous seqs after ap clustering: 6
2025-06-06 20:03:16,505 [INFO]: The number of anomalous clusters: 4
2025-06-06 20:03:16,513 [INFO]: Metric patterns dumped.
2025-06-06 20:03:16,513 [INFO]: precision: 0.400, recall: 0.500, f1: 0.444
2025-06-06 20:03:16,523 [INFO]: Experiment result plotted!
2025-06-06 20:03:16,875 [INFO]: ============================================================
2025-06-06 20:03:16,875 [INFO]: Dataset: page_load (metric page_load_8), m: 5, p: 99
2025-06-06 20:03:16,895 [INFO]: The number of anomalous seqs: 7
2025-06-06 20:03:16,942 [INFO]: The number of anomalous seqs after ap clustering: 7
2025-06-06 20:03:16,943 [INFO]: The number of anomalous clusters: 7
2025-06-06 20:03:16,953 [INFO]: Metric patterns dumped.
2025-06-06 20:03:16,959 [INFO]: precision: 0.684, recall: 0.765, f1: 0.722
2025-06-06 20:03:16,977 [INFO]: Experiment result plotted!
2025-06-06 20:03:17,283 [INFO]: ============================================================
2025-06-06 20:03:17,283 [INFO]: Dataset: page_load (metric page_load_9), m: 5, p: 99
2025-06-06 20:03:17,293 [INFO]: The number of anomalous seqs: 6
2025-06-06 20:03:17,306 [INFO]: The number of anomalous seqs after ap clustering: 6
2025-06-06 20:03:17,306 [INFO]: The number of anomalous clusters: 6
2025-06-06 20:03:17,313 [INFO]: Metric patterns dumped.
2025-06-06 20:03:17,316 [INFO]: precision: 0.400, recall: 1.000, f1: 0.571
2025-06-06 20:03:17,323 [INFO]: Experiment result plotted!
2025-06-06 20:03:17,613 [INFO]: ============================================================
2025-06-06 20:03:17,613 [INFO]: Dataset: page_load (metric page_load_10), m: 5, p: 99
2025-06-06 20:03:17,624 [INFO]: The number of anomalous seqs: 7
2025-06-06 20:03:17,640 [INFO]: The number of anomalous seqs after ap clustering: 7
2025-06-06 20:03:17,640 [INFO]: The number of anomalous clusters: 7
2025-06-06 20:03:17,643 [INFO]: Metric patterns dumped.
2025-06-06 20:03:17,643 [INFO]: precision: 0.600, recall: 0.692, f1: 0.643
2025-06-06 20:03:17,652 [INFO]: Experiment result plotted!
2025-06-06 20:03:17,923 [INFO]: ============================================================
2025-06-06 20:03:17,923 [INFO]: Dataset: page_load (metric page_load_11), m: 5, p: 99
2025-06-06 20:03:17,935 [INFO]: The number of anomalous seqs: 7
2025-06-06 20:03:17,953 [INFO]: The number of anomalous seqs after ap clustering: 7
2025-06-06 20:03:17,955 [INFO]: The number of anomalous clusters: 7
2025-06-06 20:03:17,955 [INFO]: Metric patterns dumped.
2025-06-06 20:03:17,955 [INFO]: precision: 0.579, recall: 0.786, f1: 0.667
2025-06-06 20:03:17,967 [INFO]: Experiment result plotted!
2025-06-06 20:03:18,243 [INFO]: ============================================================
2025-06-06 20:03:18,243 [INFO]: Dataset: page_load (metric page_load_12), m: 5, p: 99
2025-06-06 20:03:18,257 [INFO]: The number of anomalous seqs: 7
2025-06-06 20:03:18,295 [INFO]: The number of anomalous seqs after ap clustering: 6
2025-06-06 20:03:18,295 [INFO]: The number of anomalous clusters: 6
2025-06-06 20:03:18,304 [INFO]: Metric patterns dumped.
2025-06-06 20:03:18,308 [INFO]: precision: 0.400, recall: 1.000, f1: 0.571
2025-06-06 20:03:18,323 [INFO]: Experiment result plotted!
2025-06-06 20:03:18,678 [INFO]: ============================================================
2025-06-06 20:03:18,678 [INFO]: Dataset: page_load (metric page_load_13), m: 5, p: 99
2025-06-06 20:03:18,685 [INFO]: The number of anomalous seqs: 6
2025-06-06 20:03:18,705 [INFO]: The number of anomalous seqs after ap clustering: 0
2025-06-06 20:03:18,705 [INFO]: The number of anomalous clusters: 0
2025-06-06 20:03:18,707 [INFO]: Metric patterns dumped.
2025-06-06 20:03:18,707 [INFO]: No anomalous patterns detected!
2025-06-06 20:03:18,707 [INFO]: precision: 1.000, recall: 1.000, f1: 1.000
2025-06-06 20:03:18,712 [INFO]: Experiment result plotted!
2025-06-06 20:03:19,063 [INFO]: ============================================================
2025-06-06 20:03:19,063 [INFO]: Dataset: page_load (metric page_load_14), m: 5, p: 99
2025-06-06 20:03:19,073 [INFO]: The number of anomalous seqs: 6
2025-06-06 20:03:19,085 [INFO]: The number of anomalous seqs after ap clustering: 6
2025-06-06 20:03:19,085 [INFO]: The number of anomalous clusters: 4
2025-06-06 20:03:19,093 [INFO]: Metric patterns dumped.
2025-06-06 20:03:19,093 [INFO]: precision: 0.400, recall: 0.308, f1: 0.348
2025-06-06 20:03:19,103 [INFO]: Experiment result plotted!
2025-06-06 20:03:19,399 [INFO]: ============================================================
2025-06-06 20:03:19,399 [INFO]: Dataset: page_load (metric page_load_15), m: 5, p: 99
2025-06-06 20:03:19,408 [INFO]: The number of anomalous seqs: 6
2025-06-06 20:03:19,434 [INFO]: The number of anomalous seqs after ap clustering: 6
2025-06-06 20:03:19,434 [INFO]: The number of anomalous clusters: 6
2025-06-06 20:03:19,440 [INFO]: Metric patterns dumped.
2025-06-06 20:03:19,443 [INFO]: precision: 0.500, recall: 0.500, f1: 0.500
2025-06-06 20:03:19,453 [INFO]: Experiment result plotted!
2025-06-06 20:03:19,843 [INFO]: ============================================================
2025-06-06 20:03:19,843 [INFO]: Dataset: page_load (metric page_load_16), m: 5, p: 99
2025-06-06 20:03:19,855 [INFO]: The number of anomalous seqs: 6
2025-06-06 20:03:19,885 [INFO]: The number of anomalous seqs after ap clustering: 6
2025-06-06 20:03:19,885 [INFO]: The number of anomalous clusters: 6
2025-06-06 20:03:19,893 [INFO]: Metric patterns dumped.
2025-06-06 20:03:19,893 [INFO]: precision: 0.500, recall: 1.000, f1: 0.667
2025-06-06 20:03:19,909 [INFO]: Experiment result plotted!
2025-06-06 20:03:20,228 [INFO]: ============================================================
2025-06-06 20:03:20,228 [INFO]: Dataset: page_load (metric page_load_17), m: 5, p: 99
2025-06-06 20:03:20,233 [INFO]: The number of anomalous seqs: 6
2025-06-06 20:03:20,253 [INFO]: The number of anomalous seqs after ap clustering: 6
2025-06-06 20:03:20,253 [INFO]: The number of anomalous clusters: 6
2025-06-06 20:03:20,260 [INFO]: Metric patterns dumped.
2025-06-06 20:03:20,263 [INFO]: precision: 0.714, recall: 1.000, f1: 0.833
2025-06-06 20:03:20,269 [INFO]: Experiment result plotted!
2025-06-06 20:03:20,533 [INFO]: ============================================================
2025-06-06 20:03:20,533 [INFO]: Dataset: page_load (metric page_load_18), m: 5, p: 99
2025-06-06 20:03:20,676 [INFO]: The number of anomalous seqs: 6
2025-06-06 20:03:20,703 [INFO]: The number of anomalous seqs after ap clustering: 6
2025-06-06 20:03:20,703 [INFO]: The number of anomalous clusters: 6
2025-06-06 20:03:20,711 [INFO]: Metric patterns dumped.
2025-06-06 20:03:20,713 [INFO]: precision: 0.500, recall: 0.455, f1: 0.476
2025-06-06 20:03:20,721 [INFO]: Experiment result plotted!
2025-06-06 20:03:21,078 [INFO]: ============================================================
2025-06-06 20:03:21,078 [INFO]: Dataset: page_load (metric page_load_19), m: 5, p: 99
2025-06-06 20:03:21,083 [INFO]: The number of anomalous seqs: 6
2025-06-06 20:03:21,112 [INFO]: The number of anomalous seqs after ap clustering: 6
2025-06-06 20:03:21,113 [INFO]: The number of anomalous clusters: 6
2025-06-06 20:03:21,117 [INFO]: Metric patterns dumped.
2025-06-06 20:03:21,121 [INFO]: precision: 0.571, recall: 0.727, f1: 0.640
2025-06-06 20:03:21,130 [INFO]: Experiment result plotted!
2025-06-06 20:03:21,483 [INFO]: ============================================================
2025-06-06 20:03:21,483 [INFO]: Dataset: page_load (metric page_load_20), m: 5, p: 99
2025-06-06 20:03:21,493 [INFO]: The number of anomalous seqs: 7
2025-06-06 20:03:21,509 [INFO]: The number of anomalous seqs after ap clustering: 7
2025-06-06 20:03:21,509 [INFO]: The number of anomalous clusters: 7
2025-06-06 20:03:21,513 [INFO]: Metric patterns dumped.
2025-06-06 20:03:21,515 [INFO]: precision: 0.455, recall: 0.385, f1: 0.417
2025-06-06 20:03:21,521 [INFO]: Experiment result plotted!
2025-06-06 20:03:21,793 [INFO]: ============================================================
2025-06-06 20:03:21,793 [INFO]: Dataset: page_load (metric page_load_21), m: 5, p: 99
2025-06-06 20:03:21,805 [INFO]: The number of anomalous seqs: 7
2025-06-06 20:03:21,838 [INFO]: The number of anomalous seqs after ap clustering: 7
2025-06-06 20:03:21,838 [INFO]: The number of anomalous clusters: 6
2025-06-06 20:03:21,843 [INFO]: Metric patterns dumped.
2025-06-06 20:03:21,850 [INFO]: precision: 0.364, recall: 1.000, f1: 0.533
2025-06-06 20:03:21,866 [INFO]: Experiment result plotted!
2025-06-06 20:03:22,126 [INFO]: ============================================================
2025-06-06 20:03:22,133 [INFO]: Dataset: page_load (metric page_load_22), m: 5, p: 99
2025-06-06 20:03:22,139 [INFO]: The number of anomalous seqs: 7
2025-06-06 20:03:22,158 [INFO]: The number of anomalous seqs after ap clustering: 6
2025-06-06 20:03:22,163 [INFO]: The number of anomalous clusters: 6
2025-06-06 20:03:22,165 [INFO]: Metric patterns dumped.
2025-06-06 20:03:22,165 [INFO]: precision: 0.400, recall: 1.000, f1: 0.571
2025-06-06 20:03:22,173 [INFO]: Experiment result plotted!
2025-06-06 20:03:22,433 [INFO]: ============================================================
2025-06-06 20:03:22,437 [INFO]: Dataset: page_load (metric page_load_23), m: 5, p: 99
2025-06-06 20:03:22,443 [INFO]: The number of anomalous seqs: 6
2025-06-06 20:03:22,467 [INFO]: The number of anomalous seqs after ap clustering: 6
2025-06-06 20:03:22,467 [INFO]: The number of anomalous clusters: 5
2025-06-06 20:03:22,468 [INFO]: Metric patterns dumped.
2025-06-06 20:03:22,475 [INFO]: precision: 0.500, recall: 0.556, f1: 0.526
2025-06-06 20:03:22,483 [INFO]: Experiment result plotted!
2025-06-06 20:03:22,733 [INFO]: ============================================================
2025-06-06 20:03:22,733 [INFO]: Dataset: page_load (metric page_load_24), m: 5, p: 99
2025-06-06 20:03:22,743 [INFO]: The number of anomalous seqs: 6
2025-06-06 20:03:22,767 [INFO]: The number of anomalous seqs after ap clustering: 6
2025-06-06 20:03:22,769 [INFO]: The number of anomalous clusters: 6
2025-06-06 20:03:22,773 [INFO]: Metric patterns dumped.
2025-06-06 20:03:22,774 [INFO]: precision: 0.300, recall: 1.000, f1: 0.462
2025-06-06 20:03:22,778 [INFO]: Experiment result plotted!
2025-06-06 20:03:23,043 [INFO]: ============================================================
2025-06-06 20:03:23,043 [INFO]: Dataset: page_load (metric page_load_25), m: 5, p: 99
2025-06-06 20:03:23,053 [INFO]: The number of anomalous seqs: 7
2025-06-06 20:03:23,073 [INFO]: The number of anomalous seqs after ap clustering: 7
2025-06-06 20:03:23,073 [INFO]: The number of anomalous clusters: 5
2025-06-06 20:03:23,078 [INFO]: Metric patterns dumped.
2025-06-06 20:03:23,080 [INFO]: precision: 0.455, recall: 1.000, f1: 0.625
2025-06-06 20:03:23,087 [INFO]: Experiment result plotted!
2025-06-06 20:03:23,373 [INFO]: ============================================================
2025-06-06 20:03:23,373 [INFO]: Dataset: page_load (metric page_load_26), m: 5, p: 99
2025-06-06 20:03:23,388 [INFO]: The number of anomalous seqs: 6
2025-06-06 20:03:23,403 [INFO]: The number of anomalous seqs after ap clustering: 6
2025-06-06 20:03:23,403 [INFO]: The number of anomalous clusters: 6
2025-06-06 20:03:23,413 [INFO]: Metric patterns dumped.
2025-06-06 20:03:23,413 [INFO]: precision: 0.500, recall: 1.000, f1: 0.667
2025-06-06 20:03:23,413 [INFO]: Experiment result plotted!
2025-06-06 20:03:23,698 [INFO]: ============================================================
2025-06-06 20:03:23,698 [INFO]: Dataset: page_load (metric page_load_27), m: 5, p: 99
2025-06-06 20:03:23,703 [INFO]: The number of anomalous seqs: 6
2025-06-06 20:03:23,728 [INFO]: The number of anomalous seqs after ap clustering: 6
2025-06-06 20:03:23,728 [INFO]: The number of anomalous clusters: 6
2025-06-06 20:03:23,729 [INFO]: Metric patterns dumped.
2025-06-06 20:03:23,733 [INFO]: precision: 0.571, recall: 1.000, f1: 0.727
2025-06-06 20:03:23,739 [INFO]: Experiment result plotted!
2025-06-06 20:03:24,020 [INFO]: ============================================================
2025-06-06 20:03:24,020 [INFO]: Dataset: page_load (metric page_load_28), m: 5, p: 99
2025-06-06 20:03:24,023 [INFO]: The number of anomalous seqs: 6
2025-06-06 20:03:24,081 [INFO]: The number of anomalous seqs after ap clustering: 6
2025-06-06 20:03:24,083 [INFO]: The number of anomalous clusters: 6
2025-06-06 20:03:24,088 [INFO]: Metric patterns dumped.
2025-06-06 20:03:24,092 [INFO]: precision: 0.500, recall: 0.556, f1: 0.526
2025-06-06 20:03:24,097 [INFO]: Experiment result plotted!
2025-06-06 20:03:24,366 [INFO]: ============================================================
2025-06-06 20:03:24,366 [INFO]: Dataset: page_load (metric page_load_29), m: 5, p: 99
2025-06-06 20:03:24,382 [INFO]: The number of anomalous seqs: 7
2025-06-06 20:03:24,405 [INFO]: The number of anomalous seqs after ap clustering: 7
2025-06-06 20:03:24,405 [INFO]: The number of anomalous clusters: 7
2025-06-06 20:03:24,408 [INFO]: Metric patterns dumped.
2025-06-06 20:03:24,408 [INFO]: precision: 0.600, recall: 1.000, f1: 0.750
2025-06-06 20:03:24,420 [INFO]: Experiment result plotted!
2025-06-06 20:03:24,784 [INFO]: ============================================================
2025-06-06 20:03:24,784 [INFO]: Dataset: page_load (metric page_load_30), m: 5, p: 99
2025-06-06 20:03:24,803 [INFO]: The number of anomalous seqs: 6
2025-06-06 20:03:24,841 [INFO]: The number of anomalous seqs after ap clustering: 6
2025-06-06 20:03:24,841 [INFO]: The number of anomalous clusters: 6
2025-06-06 20:03:24,848 [INFO]: Metric patterns dumped.
2025-06-06 20:03:24,852 [INFO]: precision: 0.417, recall: 0.556, f1: 0.476
2025-06-06 20:03:24,863 [INFO]: Experiment result plotted!
2025-06-06 20:03:25,193 [INFO]: ============================================================
2025-06-06 20:03:25,193 [INFO]: Dataset: page_load (metric page_load_31), m: 5, p: 99
2025-06-06 20:03:25,203 [INFO]: The number of anomalous seqs: 6
2025-06-06 20:03:25,229 [INFO]: The number of anomalous seqs after ap clustering: 6
2025-06-06 20:03:25,229 [INFO]: The number of anomalous clusters: 6
2025-06-06 20:03:25,233 [INFO]: Metric patterns dumped.
2025-06-06 20:03:25,233 [INFO]: precision: 0.429, recall: 1.000, f1: 0.600
2025-06-06 20:03:25,243 [INFO]: Experiment result plotted!
2025-06-06 20:03:25,573 [INFO]: ============================================================
2025-06-06 20:03:25,573 [INFO]: Dataset: page_load (metric page_load_32), m: 5, p: 99
2025-06-06 20:03:25,594 [INFO]: The number of anomalous seqs: 6
2025-06-06 20:03:25,653 [INFO]: The number of anomalous seqs after ap clustering: 6
2025-06-06 20:03:25,655 [INFO]: The number of anomalous clusters: 6
2025-06-06 20:03:25,668 [INFO]: Metric patterns dumped.
2025-06-06 20:03:25,673 [INFO]: precision: 0.500, recall: 0.417, f1: 0.455
2025-06-06 20:03:25,687 [INFO]: Experiment result plotted!
2025-06-06 20:03:25,973 [INFO]: ============================================================
2025-06-06 20:03:25,973 [INFO]: Dataset: page_load (metric page_load_33), m: 5, p: 99
2025-06-06 20:03:25,987 [INFO]: The number of anomalous seqs: 6
2025-06-06 20:03:26,009 [INFO]: The number of anomalous seqs after ap clustering: 6
2025-06-06 20:03:26,009 [INFO]: The number of anomalous clusters: 6
2025-06-06 20:03:26,013 [INFO]: Metric patterns dumped.
2025-06-06 20:03:26,017 [INFO]: precision: 0.500, recall: 1.000, f1: 0.667
2025-06-06 20:03:26,027 [INFO]: Experiment result plotted!
2025-06-06 20:03:26,410 [INFO]: ============================================================
2025-06-06 20:03:26,413 [INFO]: Dataset: page_load (metric page_load_34), m: 5, p: 99
2025-06-06 20:03:26,423 [INFO]: The number of anomalous seqs: 6
2025-06-06 20:03:26,453 [INFO]: The number of anomalous seqs after ap clustering: 6
2025-06-06 20:03:26,453 [INFO]: The number of anomalous clusters: 6
2025-06-06 20:03:26,463 [INFO]: Metric patterns dumped.
2025-06-06 20:03:26,468 [INFO]: precision: 0.571, recall: 0.727, f1: 0.640
2025-06-06 20:03:26,476 [INFO]: Experiment result plotted!
2025-06-06 20:03:26,803 [INFO]: ============================================================
2025-06-06 20:03:26,803 [INFO]: Dataset: page_load (metric page_load_35), m: 5, p: 99
2025-06-06 20:03:26,813 [INFO]: The number of anomalous seqs: 7
2025-06-06 20:03:26,841 [INFO]: The number of anomalous seqs after ap clustering: 5
2025-06-06 20:03:26,841 [INFO]: The number of anomalous clusters: 5
2025-06-06 20:03:26,843 [INFO]: Metric patterns dumped.
2025-06-06 20:03:26,849 [INFO]: precision: 0.333, recall: 0.300, f1: 0.316
2025-06-06 20:03:26,853 [INFO]: Experiment result plotted!
2025-06-06 20:03:27,333 [INFO]: ============================================================
2025-06-06 20:03:27,333 [INFO]: Dataset: page_load (metric page_load_36), m: 5, p: 99
2025-06-06 20:03:27,391 [INFO]: The number of anomalous seqs: 6
2025-06-06 20:03:27,554 [INFO]: The number of anomalous seqs after ap clustering: 6
2025-06-06 20:03:27,556 [INFO]: The number of anomalous clusters: 6
2025-06-06 20:03:27,578 [INFO]: Metric patterns dumped.
2025-06-06 20:03:27,591 [INFO]: precision: 0.429, recall: 1.000, f1: 0.600
2025-06-06 20:03:27,621 [INFO]: Experiment result plotted!
2025-06-06 20:03:28,203 [INFO]: ============================================================
2025-06-06 20:03:28,211 [INFO]: Dataset: page_load (metric page_load_37), m: 5, p: 99
2025-06-06 20:03:28,232 [INFO]: The number of anomalous seqs: 7
2025-06-06 20:03:28,298 [INFO]: The number of anomalous seqs after ap clustering: 7
2025-06-06 20:03:28,300 [INFO]: The number of anomalous clusters: 7
2025-06-06 20:03:28,317 [INFO]: Metric patterns dumped.
2025-06-06 20:03:28,326 [INFO]: precision: 0.467, recall: 1.000, f1: 0.636
2025-06-06 20:03:28,356 [INFO]: Experiment result plotted!
2025-06-06 20:03:28,739 [INFO]: ============================================================
2025-06-06 20:03:28,739 [INFO]: Dataset: page_load (metric page_load_38), m: 5, p: 99
2025-06-06 20:03:28,745 [INFO]: The number of anomalous seqs: 6
2025-06-06 20:03:28,765 [INFO]: The number of anomalous seqs after ap clustering: 6
2025-06-06 20:03:28,766 [INFO]: The number of anomalous clusters: 4
2025-06-06 20:03:28,770 [INFO]: Metric patterns dumped.
2025-06-06 20:03:28,772 [INFO]: precision: 0.500, recall: 0.385, f1: 0.435
2025-06-06 20:03:28,777 [INFO]: Experiment result plotted!
2025-06-06 20:03:29,053 [INFO]: ============================================================
2025-06-06 20:03:29,053 [INFO]: Dataset: page_load (metric page_load_39), m: 5, p: 99
2025-06-06 20:03:29,063 [INFO]: The number of anomalous seqs: 7
2025-06-06 20:03:29,088 [INFO]: The number of anomalous seqs after ap clustering: 7
2025-06-06 20:03:29,089 [INFO]: The number of anomalous clusters: 7
2025-06-06 20:03:29,093 [INFO]: Metric patterns dumped.
2025-06-06 20:03:29,093 [INFO]: precision: 0.533, recall: 0.615, f1: 0.571
2025-06-06 20:03:29,104 [INFO]: Experiment result plotted!
2025-06-06 20:03:29,421 [INFO]: ============================================================
2025-06-06 20:03:29,422 [INFO]: Dataset: page_load (metric page_load_40), m: 5, p: 99
2025-06-06 20:03:29,434 [INFO]: The number of anomalous seqs: 6
2025-06-06 20:03:29,468 [INFO]: The number of anomalous seqs after ap clustering: 6
2025-06-06 20:03:29,473 [INFO]: The number of anomalous clusters: 6
2025-06-06 20:03:29,487 [INFO]: Metric patterns dumped.
2025-06-06 20:03:29,497 [INFO]: precision: 0.643, recall: 1.000, f1: 0.783
2025-06-06 20:03:29,525 [INFO]: Experiment result plotted!
2025-06-06 20:03:29,933 [INFO]: ============================================================
2025-06-06 20:03:29,933 [INFO]: Dataset: page_load (metric page_load_41), m: 5, p: 99
2025-06-06 20:03:29,943 [INFO]: The number of anomalous seqs: 6
2025-06-06 20:03:29,963 [INFO]: The number of anomalous seqs after ap clustering: 6
2025-06-06 20:03:29,968 [INFO]: The number of anomalous clusters: 6
2025-06-06 20:03:29,973 [INFO]: Metric patterns dumped.
2025-06-06 20:03:29,977 [INFO]: precision: 0.400, recall: 1.000, f1: 0.571
2025-06-06 20:03:29,988 [INFO]: Experiment result plotted!
2025-06-06 20:03:30,303 [INFO]: ============================================================
2025-06-06 20:03:30,303 [INFO]: Dataset: page_load (metric page_load_42), m: 5, p: 99
2025-06-06 20:03:30,314 [INFO]: The number of anomalous seqs: 6
2025-06-06 20:03:30,333 [INFO]: The number of anomalous seqs after ap clustering: 6
2025-06-06 20:03:30,333 [INFO]: The number of anomalous clusters: 4
2025-06-06 20:03:30,340 [INFO]: Metric patterns dumped.
2025-06-06 20:03:30,344 [INFO]: precision: 0.400, recall: 0.444, f1: 0.421
2025-06-06 20:03:30,351 [INFO]: Experiment result plotted!
2025-06-06 20:03:30,643 [INFO]: ============================================================
2025-06-06 20:03:30,643 [INFO]: Dataset: page_load (metric page_load_43), m: 5, p: 99
2025-06-06 20:03:30,653 [INFO]: The number of anomalous seqs: 6
2025-06-06 20:03:30,673 [INFO]: The number of anomalous seqs after ap clustering: 6
2025-06-06 20:03:30,673 [INFO]: The number of anomalous clusters: 6
2025-06-06 20:03:30,680 [INFO]: Metric patterns dumped.
2025-06-06 20:03:30,684 [INFO]: precision: 0.500, recall: 1.000, f1: 0.667
2025-06-06 20:03:30,691 [INFO]: Experiment result plotted!
2025-06-06 20:03:31,053 [INFO]: ============================================================
2025-06-06 20:03:31,053 [INFO]: Dataset: page_load (metric page_load_44), m: 5, p: 99
2025-06-06 20:03:31,063 [INFO]: The number of anomalous seqs: 7
2025-06-06 20:03:31,138 [INFO]: The number of anomalous seqs after ap clustering: 7
2025-06-06 20:03:31,138 [INFO]: The number of anomalous clusters: 7
2025-06-06 20:03:31,147 [INFO]: Metric patterns dumped.
2025-06-06 20:03:31,153 [INFO]: precision: 0.533, recall: 1.000, f1: 0.696
2025-06-06 20:03:31,163 [INFO]: Experiment result plotted!
2025-06-06 20:03:31,443 [INFO]: ============================================================
2025-06-06 20:03:31,443 [INFO]: Dataset: page_load (metric page_load_45), m: 5, p: 99
2025-06-06 20:03:31,453 [INFO]: The number of anomalous seqs: 6
2025-06-06 20:03:31,478 [INFO]: The number of anomalous seqs after ap clustering: 6
2025-06-06 20:03:31,478 [INFO]: The number of anomalous clusters: 6
2025-06-06 20:03:31,486 [INFO]: Metric patterns dumped.
2025-06-06 20:03:31,488 [INFO]: precision: 0.500, recall: 0.455, f1: 0.476
2025-06-06 20:03:31,493 [INFO]: Experiment result plotted!
2025-06-06 20:03:31,794 [INFO]: ============================================================
2025-06-06 20:03:31,794 [INFO]: Dataset: page_load (metric page_load_46), m: 5, p: 99
2025-06-06 20:03:31,804 [INFO]: The number of anomalous seqs: 7
2025-06-06 20:03:31,826 [INFO]: The number of anomalous seqs after ap clustering: 7
2025-06-06 20:03:31,828 [INFO]: The number of anomalous clusters: 7
2025-06-06 20:03:31,830 [INFO]: Metric patterns dumped.
2025-06-06 20:03:31,836 [INFO]: precision: 0.364, recall: 0.571, f1: 0.444
2025-06-06 20:03:31,847 [INFO]: Experiment result plotted!
2025-06-06 20:03:32,163 [INFO]: ============================================================
2025-06-06 20:03:32,163 [INFO]: Dataset: page_load (metric page_load_47), m: 5, p: 99
2025-06-06 20:03:32,173 [INFO]: The number of anomalous seqs: 6
2025-06-06 20:03:32,194 [INFO]: The number of anomalous seqs after ap clustering: 6
2025-06-06 20:03:32,194 [INFO]: The number of anomalous clusters: 6
2025-06-06 20:03:32,194 [INFO]: Metric patterns dumped.
2025-06-06 20:03:32,194 [INFO]: precision: 0.500, recall: 1.000, f1: 0.667
2025-06-06 20:03:32,209 [INFO]: Experiment result plotted!
2025-06-06 20:03:32,496 [INFO]: ============================================================
2025-06-06 20:03:32,496 [INFO]: Dataset: page_load (metric page_load_48), m: 5, p: 99
2025-06-06 20:03:32,513 [INFO]: The number of anomalous seqs: 7
2025-06-06 20:03:32,538 [INFO]: The number of anomalous seqs after ap clustering: 0
2025-06-06 20:03:32,538 [INFO]: The number of anomalous clusters: 0
2025-06-06 20:03:32,543 [INFO]: Metric patterns dumped.
2025-06-06 20:03:32,543 [INFO]: No anomalous patterns detected!
2025-06-06 20:03:32,543 [INFO]: precision: 1.000, recall: 1.000, f1: 1.000
2025-06-06 20:03:32,547 [INFO]: Experiment result plotted!
2025-06-06 20:03:32,928 [INFO]: ============================================================
2025-06-06 20:03:32,928 [INFO]: Dataset: page_load (metric page_load_49), m: 5, p: 99
2025-06-06 20:03:32,939 [INFO]: The number of anomalous seqs: 7
2025-06-06 20:03:32,963 [INFO]: The number of anomalous seqs after ap clustering: 7
2025-06-06 20:03:32,964 [INFO]: The number of anomalous clusters: 7
2025-06-06 20:03:32,970 [INFO]: Metric patterns dumped.
2025-06-06 20:03:32,971 [INFO]: precision: 0.455, recall: 0.556, f1: 0.500
2025-06-06 20:03:32,981 [INFO]: Experiment result plotted!
2025-06-06 20:03:33,303 [INFO]: ============================================================
2025-06-06 20:03:33,303 [INFO]: Dataset: page_load (metric page_load_50), m: 5, p: 99
2025-06-06 20:03:33,325 [INFO]: The number of anomalous seqs: 7
2025-06-06 20:03:33,404 [INFO]: The number of anomalous seqs after ap clustering: 7
2025-06-06 20:03:33,404 [INFO]: The number of anomalous clusters: 7
2025-06-06 20:03:33,413 [INFO]: Metric patterns dumped.
2025-06-06 20:03:33,415 [INFO]: precision: 0.273, recall: 1.000, f1: 0.429
2025-06-06 20:03:33,434 [INFO]: Experiment result plotted!
2025-06-06 20:03:33,713 [INFO]: ^^^^^^^^^^^^^^^ Experimental results of Page Load Time dataset ^^^^^^^^^^^^^^^
2025-06-06 20:03:33,713 [INFO]: precision: 0.510, recall: 0.773, f1: 0.594
